#
# There is insufficient memory for the Java Runtime Environment to continue.
# Native memory allocation (malloc) failed to allocate 128144 bytes. Error detail: Chunk::new
# Possible reasons:
#   The system is out of physical RAM or swap space
#   This process is running with CompressedOops enabled, and the Java Heap may be blocking the growth of the native heap
# Possible solutions:
#   Reduce memory load on the system
#   Increase physical memory or swap space
#   Check if swap backing store is full
#   Decrease Java heap size (-Xmx/-Xms)
#   Decrease number of Java threads
#   Decrease Java thread stack sizes (-Xss)
#   Set larger code cache with -XX:ReservedCodeCacheSize=
#   JVM is running with Unscaled Compressed Oops mode in which the Java heap is
#     placed in the first 4GB address space. The Java Heap base address is the
#     maximum limit for the native heap growth. Please use -XX:HeapBaseMinAddress
#     to set the Java Heap base and to place the Java Heap above 4GB virtual address.
# This output file may be truncated or incomplete.
#
#  Out of Memory Error (arena.cpp:168), pid=10548, tid=6164
#
# JRE version: OpenJDK Runtime Environment Temurin-21.0.10+7 (21.0.10+7) (build 21.0.10+7-LTS)
# Java VM: OpenJDK 64-Bit Server VM Temurin-21.0.10+7 (21.0.10+7-LTS, mixed mode, sharing, tiered, compressed oops, compressed class ptrs, parallel gc, windows-amd64)
# No core dump will be written. Minidumps are not enabled by default on client versions of Windows
#

---------------  S U M M A R Y ------------

Command Line: --add-modules=ALL-SYSTEM --add-opens=java.base/java.util=ALL-UNNAMED --add-opens=java.base/java.lang=ALL-UNNAMED --add-opens=java.base/sun.nio.fs=ALL-UNNAMED -Declipse.application=org.eclipse.jdt.ls.core.id1 -Dosgi.bundles.defaultStartLevel=4 -Declipse.product=org.eclipse.jdt.ls.core.product -Djava.import.generatesMetadataFilesAtProjectRoot=false -DDetectVMInstallationsJob.disabled=true -Dfile.encoding=utf8 -XX:+UseParallelGC -XX:GCTimeRatio=4 -XX:AdaptiveSizePolicyWeight=90 -Dsun.zip.disableMemoryMapping=true -Xmx2G -Xms100m -Xlog:disable -javaagent:c:\Users\DELL\.vscode\extensions\redhat.java-1.54.0-win32-x64\lombok\lombok-1.18.39-4050.jar -XX:+HeapDumpOnOutOfMemoryError -XX:HeapDumpPath=c:\Users\DELL\AppData\Roaming\Code\User\workspaceStorage\bd6f0a1d75c875ec6698c7be3d7456fe\redhat.java -Daether.dependencyCollector.impl=bf c:\Users\DELL\.vscode\extensions\redhat.java-1.54.0-win32-x64\server\plugins\org.eclipse.equinox.launcher_1.7.100.v20251111-0406.jar -configuration c:\Users\DELL\AppData\Roaming\Code\User\globalStorage\redhat.java\1.54.0\config_win -data c:\Users\DELL\AppData\Roaming\Code\User\workspaceStorage\bd6f0a1d75c875ec6698c7be3d7456fe\redhat.java\jdt_ws --pipe=\\.\pipe\lsp-0c038ecfb93334569464692e2d27aaca-sock

Host: 13th Gen Intel(R) Core(TM) i7-1355U, 12 cores, 15G,  Windows 11 , 64 bit Build 26100 (10.0.26100.8328)
Time: Thu Jun  4 21:32:44 2026 SE Asia Standard Time elapsed time: 33.543970 seconds (0d 0h 0m 33s)

---------------  T H R E A D  ---------------

Current thread (0x0000025fec79de00):  JavaThread "C2 CompilerThread1" daemon [_thread_in_native, id=6164, stack(0x000000f10a200000,0x000000f10a300000) (1024K)]


Current CompileTask:
C2:33544 7040       4       org.lombokweb.asm.Type::getArgumentsAndReturnSizes (140 bytes)

Stack: [0x000000f10a200000,0x000000f10a300000]
Native frames: (J=compiled Java code, j=interpreted, Vv=VM code, C=native code)
V  [jvm.dll+0x6d7a39]
V  [jvm.dll+0x8b4b26]
V  [jvm.dll+0x8b70de]
V  [jvm.dll+0x8b77c3]
V  [jvm.dll+0x284346]
V  [jvm.dll+0xc66ed]
V  [jvm.dll+0xc6c31]
V  [jvm.dll+0x3bec3b]
V  [jvm.dll+0x38b162]
V  [jvm.dll+0x38a5aa]
V  [jvm.dll+0x24c560]
V  [jvm.dll+0x24bb40]
V  [jvm.dll+0x1cb34e]
V  [jvm.dll+0x25b85d]
V  [jvm.dll+0x259dea]
V  [jvm.dll+0x3f857e]
V  [jvm.dll+0x85f59d]
V  [jvm.dll+0x6d626d]
C  [ucrtbase.dll+0x37b0]
C  [KERNEL32.DLL+0x2e957]
C  [ntdll.dll+0x427c]


---------------  P R O C E S S  ---------------

Threads class SMR info:
_java_thread_list=0x0000025fee389e90, length=47, elements={
0x0000025fcdfee990, 0x0000025fce09e570, 0x0000025fcdf7da10, 0x0000025fcdf84ca0,
0x0000025fcdf85700, 0x0000025fcdf83650, 0x0000025fcdf85ea0, 0x0000025fcdf87c40,
0x0000025fcdf8e680, 0x0000025fe5ef9170, 0x0000025fe6059ba0, 0x0000025feb91b180,
0x0000025feb9854f0, 0x0000025feb91aad0, 0x0000025febbace80, 0x0000025fec19cde0,
0x0000025fec1d94f0, 0x0000025febb77a40, 0x0000025fe5d7a200, 0x0000025fe5d7a890,
0x0000025fe5d78130, 0x0000025fe5d787c0, 0x0000025fe5d77aa0, 0x0000025fe5d794e0,
0x0000025fe5d78e50, 0x0000025fe5d79b70, 0x0000025fed04f610, 0x0000025fed04fca0,
0x0000025fed050330, 0x0000025fed04ceb0, 0x0000025fed04ef80, 0x0000025fed0509c0,
0x0000025fed04d540, 0x0000025fed04dbd0, 0x0000025fed051050, 0x0000025fed0516e0,
0x0000025fed04e260, 0x0000025fed051d70, 0x0000025fed04e8f0, 0x0000025fed052400,
0x0000025fed053120, 0x0000025fed0537b0, 0x0000025fed053e40, 0x0000025fed0544d0,
0x0000025fef35e100, 0x0000025fec79de00, 0x0000025fec79d060
}

Java Threads: ( => current thread )
  0x0000025fcdfee990 JavaThread "main"                              [_thread_blocked, id=11996, stack(0x000000f108100000,0x000000f108200000) (1024K)]
  0x0000025fce09e570 JavaThread "Reference Handler"          daemon [_thread_blocked, id=16256, stack(0x000000f108500000,0x000000f108600000) (1024K)]
  0x0000025fcdf7da10 JavaThread "Finalizer"                  daemon [_thread_blocked, id=20032, stack(0x000000f108600000,0x000000f108700000) (1024K)]
  0x0000025fcdf84ca0 JavaThread "Signal Dispatcher"          daemon [_thread_blocked, id=4700, stack(0x000000f108700000,0x000000f108800000) (1024K)]
  0x0000025fcdf85700 JavaThread "Attach Listener"            daemon [_thread_blocked, id=17776, stack(0x000000f108800000,0x000000f108900000) (1024K)]
  0x0000025fcdf83650 JavaThread "Service Thread"             daemon [_thread_blocked, id=22140, stack(0x000000f108900000,0x000000f108a00000) (1024K)]
  0x0000025fcdf85ea0 JavaThread "Monitor Deflation Thread"   daemon [_thread_blocked, id=13268, stack(0x000000f108a00000,0x000000f108b00000) (1024K)]
  0x0000025fcdf87c40 JavaThread "C2 CompilerThread0"         daemon [_thread_in_native, id=15152, stack(0x000000f108b00000,0x000000f108c00000) (1024K)]
  0x0000025fcdf8e680 JavaThread "C1 CompilerThread0"         daemon [_thread_in_native, id=13760, stack(0x000000f108c00000,0x000000f108d00000) (1024K)]
  0x0000025fe5ef9170 JavaThread "Common-Cleaner"             daemon [_thread_blocked, id=7224, stack(0x000000f108d00000,0x000000f108e00000) (1024K)]
  0x0000025fe6059ba0 JavaThread "Notification Thread"        daemon [_thread_blocked, id=24392, stack(0x000000f108e00000,0x000000f108f00000) (1024K)]
  0x0000025feb91b180 JavaThread "Active Thread: Equinox Container: 5c52c80e-6545-45c9-aa80-235d94cb1155"        [_thread_in_vm, id=6508, stack(0x000000f109000000,0x000000f109100000) (1024K)]
  0x0000025feb9854f0 JavaThread "Refresh Thread: Equinox Container: 5c52c80e-6545-45c9-aa80-235d94cb1155" daemon [_thread_blocked, id=23028, stack(0x000000f109800000,0x000000f109900000) (1024K)]
  0x0000025feb91aad0 JavaThread "Framework Event Dispatcher: Equinox Container: 5c52c80e-6545-45c9-aa80-235d94cb1155" daemon [_thread_blocked, id=22564, stack(0x000000f108f00000,0x000000f109000000) (1024K)]
  0x0000025febbace80 JavaThread "Start Level: Equinox Container: 5c52c80e-6545-45c9-aa80-235d94cb1155" daemon [_thread_blocked, id=17348, stack(0x000000f109900000,0x000000f109a00000) (1024K)]
  0x0000025fec19cde0 JavaThread "Bundle File Closer"         daemon [_thread_blocked, id=5248, stack(0x000000f109e00000,0x000000f109f00000) (1024K)]
  0x0000025fec1d94f0 JavaThread "SCR Component Actor"        daemon [_thread_blocked, id=4084, stack(0x000000f109a00000,0x000000f109b00000) (1024K)]
  0x0000025febb77a40 JavaThread "Worker-JM"                         [_thread_blocked, id=21360, stack(0x000000f109b00000,0x000000f109c00000) (1024K)]
  0x0000025fe5d7a200 JavaThread "JNA Cleaner"                daemon [_thread_blocked, id=14320, stack(0x000000f109f00000,0x000000f10a000000) (1024K)]
  0x0000025fe5d7a890 JavaThread "Worker-0"                          [_thread_blocked, id=24188, stack(0x000000f10a000000,0x000000f10a100000) (1024K)]
  0x0000025fe5d78130 JavaThread "Worker-1"                          [_thread_blocked, id=10480, stack(0x000000f10a100000,0x000000f10a200000) (1024K)]
  0x0000025fe5d787c0 JavaThread "Worker-2"                          [_thread_blocked, id=11068, stack(0x000000f10a300000,0x000000f10a400000) (1024K)]
  0x0000025fe5d77aa0 JavaThread "Worker-3: Initialize Workspace"        [_thread_in_Java, id=11632, stack(0x000000f10a400000,0x000000f10a500000) (1024K)]
  0x0000025fe5d794e0 JavaThread "Java indexing"              daemon [_thread_blocked, id=16324, stack(0x000000f10a600000,0x000000f10a700000) (1024K)]
  0x0000025fe5d78e50 JavaThread "Worker-4"                          [_thread_blocked, id=21620, stack(0x000000f10a500000,0x000000f10a600000) (1024K)]
  0x0000025fe5d79b70 JavaThread "Worker-5"                          [_thread_blocked, id=23196, stack(0x000000f10aa00000,0x000000f10ab00000) (1024K)]
  0x0000025fed04f610 JavaThread "Thread-1"                   daemon [_thread_in_native, id=15576, stack(0x000000f10ab00000,0x000000f10ac00000) (1024K)]
  0x0000025fed04fca0 JavaThread "Thread-2"                   daemon [_thread_in_native, id=18804, stack(0x000000f10ac00000,0x000000f10ad00000) (1024K)]
  0x0000025fed050330 JavaThread "Thread-3"                   daemon [_thread_in_native, id=20132, stack(0x000000f10ad00000,0x000000f10ae00000) (1024K)]
  0x0000025fed04ceb0 JavaThread "Thread-4"                   daemon [_thread_in_native, id=15236, stack(0x000000f10ae00000,0x000000f10af00000) (1024K)]
  0x0000025fed04ef80 JavaThread "Thread-5"                   daemon [_thread_in_native, id=24556, stack(0x000000f10af00000,0x000000f10b000000) (1024K)]
  0x0000025fed0509c0 JavaThread "Thread-6"                   daemon [_thread_in_native, id=4416, stack(0x000000f10b000000,0x000000f10b100000) (1024K)]
  0x0000025fed04d540 JavaThread "Thread-7"                   daemon [_thread_in_native, id=23960, stack(0x000000f10b100000,0x000000f10b200000) (1024K)]
  0x0000025fed04dbd0 JavaThread "Thread-8"                   daemon [_thread_in_native, id=1360, stack(0x000000f10b200000,0x000000f10b300000) (1024K)]
  0x0000025fed051050 JavaThread "Thread-9"                   daemon [_thread_in_native, id=21588, stack(0x000000f10b300000,0x000000f10b400000) (1024K)]
  0x0000025fed0516e0 JavaThread "Thread-10"                  daemon [_thread_in_native, id=8716, stack(0x000000f10b400000,0x000000f10b500000) (1024K)]
  0x0000025fed04e260 JavaThread "Thread-11"                  daemon [_thread_in_native, id=20636, stack(0x000000f10b500000,0x000000f10b600000) (1024K)]
  0x0000025fed051d70 JavaThread "Thread-12"                  daemon [_thread_in_native, id=10952, stack(0x000000f10b600000,0x000000f10b700000) (1024K)]
  0x0000025fed04e8f0 JavaThread "Thread-13"                  daemon [_thread_in_native, id=17160, stack(0x000000f10b700000,0x000000f10b800000) (1024K)]
  0x0000025fed052400 JavaThread "pool-2-thread-1"                   [_thread_blocked, id=22364, stack(0x000000f10b800000,0x000000f10b900000) (1024K)]
  0x0000025fed053120 JavaThread "WorkspaceEventsHandler"            [_thread_blocked, id=11500, stack(0x000000f10b900000,0x000000f10ba00000) (1024K)]
  0x0000025fed0537b0 JavaThread "pool-1-thread-1"                   [_thread_blocked, id=21280, stack(0x000000f10ba00000,0x000000f10bb00000) (1024K)]
  0x0000025fed053e40 JavaThread "ForkJoinPool.commonPool-worker-1" daemon [_thread_blocked, id=7480, stack(0x000000f10bb00000,0x000000f10bc00000) (1024K)]
  0x0000025fed0544d0 JavaThread "ForkJoinPool.commonPool-worker-2" daemon [_thread_blocked, id=13464, stack(0x000000f10bc00000,0x000000f10bd00000) (1024K)]
  0x0000025fef35e100 JavaThread "ProjectImportProgressReporter" daemon [_thread_blocked, id=16192, stack(0x000000f10bd00000,0x000000f10be00000) (1024K)]
=>0x0000025fec79de00 JavaThread "C2 CompilerThread1"         daemon [_thread_in_native, id=6164, stack(0x000000f10a200000,0x000000f10a300000) (1024K)]
  0x0000025fec79d060 JavaThread "C2 CompilerThread2"         daemon [_thread_in_native, id=10884, stack(0x000000f10a900000,0x000000f10aa00000) (1024K)]
Total: 47

Other Threads:
  0x0000025fcdf72c80 VMThread "VM Thread"                           [id=15012, stack(0x000000f108400000,0x000000f108500000) (1024K)]
  0x0000025fcde6ca00 WatcherThread "VM Periodic Task Thread"        [id=12368, stack(0x000000f108300000,0x000000f108400000) (1024K)]
  0x0000025fce006010 WorkerThread "GC Thread#0"                     [id=10356, stack(0x000000f108200000,0x000000f108300000) (1024K)]
  0x0000025feb3f4a00 WorkerThread "GC Thread#1"                     [id=18532, stack(0x000000f109100000,0x000000f109200000) (1024K)]
  0x0000025feb4e1db0 WorkerThread "GC Thread#2"                     [id=1512, stack(0x000000f109200000,0x000000f109300000) (1024K)]
  0x0000025feb4e2160 WorkerThread "GC Thread#3"                     [id=13912, stack(0x000000f109300000,0x000000f109400000) (1024K)]
  0x0000025feb509150 WorkerThread "GC Thread#4"                     [id=18584, stack(0x000000f109400000,0x000000f109500000) (1024K)]
  0x0000025feb509500 WorkerThread "GC Thread#5"                     [id=23000, stack(0x000000f109500000,0x000000f109600000) (1024K)]
  0x0000025feb5098b0 WorkerThread "GC Thread#6"                     [id=19056, stack(0x000000f109600000,0x000000f109700000) (1024K)]
  0x0000025feba284a0 WorkerThread "GC Thread#7"                     [id=13588, stack(0x000000f109700000,0x000000f109800000) (1024K)]
  0x0000025febb83010 WorkerThread "GC Thread#8"                     [id=14424, stack(0x000000f109c00000,0x000000f109d00000) (1024K)]
  0x0000025febb833c0 WorkerThread "GC Thread#9"                     [id=6692, stack(0x000000f109d00000,0x000000f109e00000) (1024K)]
Total: 12

Threads with active compile tasks:
C2 CompilerThread0  34602 7069       4       org.lombokweb.asm.Label::resolve (259 bytes)
C1 CompilerThread0  34602 7049       3       org.lombokweb.asm.ClassReader::readCode (5117 bytes)
C2 CompilerThread1  34602 7040       4       org.lombokweb.asm.Type::getArgumentsAndReturnSizes (140 bytes)
C2 CompilerThread2  34602 7035 %     4       org.lombokweb.asm.SymbolTable::<init> @ 98 (554 bytes)
Total: 4

VM state: not at safepoint (normal execution)

VM Mutex/Monitor currently owned by a thread:  ([mutex/lock_event])
[0x00007ffc2547d060] MethodCompileQueue_lock - owner thread: 0x0000025fcdf8e680
[0x00007ffc2547e460] CodeCache_lock - owner thread: 0x0000025fcdf8e680
[0x00007ffc2547e5e0] Compile_lock - owner thread: 0x0000025fcdf8e680

Heap address: 0x0000000080000000, size: 2048 MB, Compressed Oops mode: 32-bit

CDS archive(s) mapped at: [0x0000025f80000000-0x0000025f80ba0000-0x0000025f80ba0000), size 12189696, SharedBaseAddress: 0x0000025f80000000, ArchiveRelocationMode: 1.
Compressed class space mapped at: 0x0000025f81000000-0x0000025fc1000000, reserved size: 1073741824
Narrow klass base: 0x0000025f80000000, Narrow klass shift: 0, Narrow klass range: 0x100000000

GC Precious Log:
 CardTable entry size: 512
 CPUs: 12 total, 12 available
 Memory: 16068M
 Large Page Support: Disabled
 NUMA Support: Disabled
 Compressed Oops: Enabled (32-bit)
 Alignments: Space 512K, Generation 512K, Heap 2M
 Heap Min Capacity: 100M
 Heap Initial Capacity: 100M
 Heap Max Capacity: 2G
 Pre-touch: Disabled
 Parallel Workers: 10

Heap:
 PSYoungGen      total 23552K, used 6072K [0x00000000d5580000, 0x00000000d6f00000, 0x0000000100000000)
  eden space 20992K, 19% used [0x00000000d5580000,0x00000000d5991550,0x00000000d6a00000)
  from space 2560K, 74% used [0x00000000d6c80000,0x00000000d6e5cdc8,0x00000000d6f00000)
  to   space 2560K, 0% used [0x00000000d6a00000,0x00000000d6a00000,0x00000000d6c80000)
 ParOldGen       total 68608K, used 41475K [0x0000000080000000, 0x0000000084300000, 0x00000000d5580000)
  object space 68608K, 60% used [0x0000000080000000,0x0000000082880cf8,0x0000000084300000)
 Metaspace       used 51774K, committed 53056K, reserved 1114112K
  class space    used 5585K, committed 6144K, reserved 1048576K

Card table byte_map: [0x0000025fcd980000,0x0000025fcdd90000] _byte_map_base: 0x0000025fcd580000

Marking Bits: (ParMarkBitMap*) 0x00007ffc25483450
 Begin Bits: [0x0000025fe0490000, 0x0000025fe2490000)
 End Bits:   [0x0000025fe2490000, 0x0000025fe4490000)

Polling page: 0x0000025fcbe20000

Metaspace:

Usage:
  Non-class:     45.11 MB used.
      Class:      5.46 MB used.
       Both:     50.56 MB used.

Virtual space:
  Non-class space:       64.00 MB reserved,      45.81 MB ( 72%) committed,  1 nodes.
      Class space:        1.00 GB reserved,       6.00 MB ( <1%) committed,  1 nodes.
             Both:        1.06 GB reserved,      51.81 MB (  5%) committed. 

Chunk freelists:
   Non-Class:  1.59 MB
       Class:  9.88 MB
        Both:  11.47 MB

MaxMetaspaceSize: unlimited
CompressedClassSpaceSize: 1.00 GB
Initial GC threshold: 21.00 MB
Current GC threshold: 58.38 MB
CDS: on
 - commit_granule_bytes: 65536.
 - commit_granule_words: 8192.
 - virtual_space_node_default_size: 8388608.
 - enlarge_chunks_in_place: 1.
 - use_allocation_guard: 0.


Internal statistics:

num_allocs_failed_limit: 6.
num_arena_births: 884.
num_arena_deaths: 32.
num_vsnodes_births: 2.
num_vsnodes_deaths: 0.
num_space_committed: 829.
num_space_uncommitted: 0.
num_chunks_returned_to_freelist: 40.
num_chunks_taken_from_freelist: 3205.
num_chunk_merges: 12.
num_chunk_splits: 2007.
num_chunks_enlarged: 1190.
num_inconsistent_stats: 0.

CodeHeap 'non-profiled nmethods': size=120000Kb used=3984Kb max_used=3984Kb free=116015Kb
 bounds [0x0000025fd8cb0000, 0x0000025fd90a0000, 0x0000025fe01e0000]
CodeHeap 'profiled nmethods': size=120000Kb used=13863Kb max_used=13863Kb free=106136Kb
 bounds [0x0000025fd11e0000, 0x0000025fd1f70000, 0x0000025fd8710000]
CodeHeap 'non-nmethods': size=5760Kb used=1399Kb max_used=1460Kb free=4361Kb
 bounds [0x0000025fd8710000, 0x0000025fd8980000, 0x0000025fd8cb0000]
CodeCache: size=245760Kb, used=19246Kb, max_used=19307Kb, free=226512Kb
 total_blobs=7199, nmethods=6492, adapters=613, full_count=0
Compilation: enabled, stopped_count=0, restarted_count=0

Compilation events (20 events):
Event: 30.485 Thread 0x0000025fcdf8e680 nmethod 7038 0x0000025fd1f4a390 code [0x0000025fd1f4a560, 0x0000025fd1f4a890]
Event: 30.485 Thread 0x0000025fcdf8e680 7039       3       org.lombokweb.asm.ClassVisitor::visitInnerClass (20 bytes)
Event: 30.485 Thread 0x0000025fcdf8e680 nmethod 7039 0x0000025fd1f4aa10 code [0x0000025fd1f4abc0, 0x0000025fd1f4adc8]
Event: 30.485 Thread 0x0000025fcdf8e680 7037       3       org.lombokweb.asm.SymbolTable::addConstantMethodHandle (51 bytes)
Event: 30.486 Thread 0x0000025fcdf8e680 nmethod 7037 0x0000025fd1f4ae90 code [0x0000025fd1f4b0a0, 0x0000025fd1f4b510]
Event: 30.488 Thread 0x0000025fcdf8e680 7042       3       lombok.patcher.MethodTarget::decomposeFullDesc (95 bytes)
Event: 30.490 Thread 0x0000025fcdf8e680 nmethod 7042 0x0000025fd1f4b810 code [0x0000025fd1f4bb40, 0x0000025fd1f4cd10]
Event: 30.490 Thread 0x0000025fcdf8e680 7043       3       java.util.regex.Pattern$Loop::matchInit (156 bytes)
Event: 30.491 Thread 0x0000025fcdf8e680 nmethod 7043 0x0000025fd1f4d490 code [0x0000025fd1f4d6c0, 0x0000025fd1f4dfc0]
Event: 30.491 Thread 0x0000025fcdf8e680 7041       3       java.util.regex.IntHashSet::<init> (42 bytes)
Event: 30.492 Thread 0x0000025fcdf8e680 nmethod 7041 0x0000025fd1f4e390 code [0x0000025fd1f4e560, 0x0000025fd1f4e8a0]
Event: 30.711 Thread 0x0000025fcdf8e680 7044       3       java.util.concurrent.ThreadPoolExecutor::workerCountOf (5 bytes)
Event: 30.712 Thread 0x0000025fcdf8e680 nmethod 7044 0x0000025fd1f4e990 code [0x0000025fd1f4eb20, 0x0000025fd1f4ec18]
Event: 31.515 Thread 0x0000025fec79de00 nmethod 7024 0x0000025fd908e410 code [0x0000025fd908e5a0, 0x0000025fd908e6d0]
Event: 31.515 Thread 0x0000025fec79de00 7040       4       org.lombokweb.asm.Type::getArgumentsAndReturnSizes (140 bytes)
Event: 31.516 Thread 0x0000025fcdf8e680 7045       3       lombok.patcher.Hook::getMethodDescriptor (80 bytes)
Event: 31.517 Thread 0x0000025fcdf87c40 nmethod 7020 0x0000025fd908e790 code [0x0000025fd908ec40, 0x0000025fd90904f8]
Event: 31.518 Thread 0x0000025fcdf8e680 nmethod 7045 0x0000025fd1f4ec90 code [0x0000025fd1f4ef40, 0x0000025fd1f4f9b8]
Event: 31.518 Thread 0x0000025fcdf87c40 7029 %     4       org.lombokweb.asm.ClassReader::<init> @ 95 (359 bytes)
Event: 31.522 Thread 0x0000025fcdf8e680 7049       3       org.lombokweb.asm.ClassReader::readCode (5117 bytes)

GC Heap History (20 events):
Event: 23.127 GC heap before
{Heap before GC invocations=20 (full 2):
 PSYoungGen      total 23552K, used 23451K [0x00000000d5580000, 0x00000000d6f80000, 0x0000000100000000)
  eden space 22016K, 100% used [0x00000000d5580000,0x00000000d6b00000,0x00000000d6b00000)
  from space 1536K, 93% used [0x00000000d6d00000,0x00000000d6e66e98,0x00000000d6e80000)
  to   space 1024K, 0% used [0x00000000d6e80000,0x00000000d6e80000,0x00000000d6f80000)
 ParOldGen       total 68608K, used 22598K [0x0000000080000000, 0x0000000084300000, 0x00000000d5580000)
  object space 68608K, 32% used [0x0000000080000000,0x0000000081611898,0x0000000084300000)
 Metaspace       used 45823K, committed 47168K, reserved 1114112K
  class space    used 5022K, committed 5568K, reserved 1048576K
}
Event: 23.131 GC heap after
{Heap after GC invocations=20 (full 2):
 PSYoungGen      total 23040K, used 768K [0x00000000d5580000, 0x00000000d6f80000, 0x0000000100000000)
  eden space 22016K, 0% used [0x00000000d5580000,0x00000000d5580000,0x00000000d6b00000)
  from space 1024K, 75% used [0x00000000d6e80000,0x00000000d6f40000,0x00000000d6f80000)
  to   space 1024K, 0% used [0x00000000d6d80000,0x00000000d6d80000,0x00000000d6e80000)
 ParOldGen       total 68608K, used 23830K [0x0000000080000000, 0x0000000084300000, 0x00000000d5580000)
  object space 68608K, 34% used [0x0000000080000000,0x0000000081745960,0x0000000084300000)
 Metaspace       used 45823K, committed 47168K, reserved 1114112K
  class space    used 5022K, committed 5568K, reserved 1048576K
}
Event: 23.705 GC heap before
{Heap before GC invocations=21 (full 2):
 PSYoungGen      total 23040K, used 22784K [0x00000000d5580000, 0x00000000d6f80000, 0x0000000100000000)
  eden space 22016K, 100% used [0x00000000d5580000,0x00000000d6b00000,0x00000000d6b00000)
  from space 1024K, 75% used [0x00000000d6e80000,0x00000000d6f40000,0x00000000d6f80000)
  to   space 1024K, 0% used [0x00000000d6d80000,0x00000000d6d80000,0x00000000d6e80000)
 ParOldGen       total 68608K, used 23830K [0x0000000080000000, 0x0000000084300000, 0x00000000d5580000)
  object space 68608K, 34% used [0x0000000080000000,0x0000000081745960,0x0000000084300000)
 Metaspace       used 46667K, committed 48064K, reserved 1114112K
  class space    used 5089K, committed 5696K, reserved 1048576K
}
Event: 23.711 GC heap after
{Heap after GC invocations=21 (full 2):
 PSYoungGen      total 23040K, used 992K [0x00000000d5580000, 0x00000000d7100000, 0x0000000100000000)
  eden space 22016K, 0% used [0x00000000d5580000,0x00000000d5580000,0x00000000d6b00000)
  from space 1024K, 96% used [0x00000000d6d80000,0x00000000d6e78030,0x00000000d6e80000)
  to   space 2560K, 0% used [0x00000000d6e80000,0x00000000d6e80000,0x00000000d7100000)
 ParOldGen       total 68608K, used 25326K [0x0000000080000000, 0x0000000084300000, 0x00000000d5580000)
  object space 68608K, 36% used [0x0000000080000000,0x00000000818bb990,0x0000000084300000)
 Metaspace       used 46667K, committed 48064K, reserved 1114112K
  class space    used 5089K, committed 5696K, reserved 1048576K
}
Event: 23.948 GC heap before
{Heap before GC invocations=22 (full 2):
 PSYoungGen      total 23040K, used 23008K [0x00000000d5580000, 0x00000000d7100000, 0x0000000100000000)
  eden space 22016K, 100% used [0x00000000d5580000,0x00000000d6b00000,0x00000000d6b00000)
  from space 1024K, 96% used [0x00000000d6d80000,0x00000000d6e78030,0x00000000d6e80000)
  to   space 2560K, 0% used [0x00000000d6e80000,0x00000000d6e80000,0x00000000d7100000)
 ParOldGen       total 68608K, used 25326K [0x0000000080000000, 0x0000000084300000, 0x00000000d5580000)
  object space 68608K, 36% used [0x0000000080000000,0x00000000818bb990,0x0000000084300000)
 Metaspace       used 46916K, committed 48256K, reserved 1114112K
  class space    used 5126K, committed 5696K, reserved 1048576K
}
Event: 23.953 GC heap after
{Heap after GC invocations=22 (full 2):
 PSYoungGen      total 24576K, used 2338K [0x00000000d5580000, 0x00000000d7100000, 0x0000000100000000)
  eden space 22016K, 0% used [0x00000000d5580000,0x00000000d5580000,0x00000000d6b00000)
  from space 2560K, 91% used [0x00000000d6e80000,0x00000000d70c8810,0x00000000d7100000)
  to   space 2560K, 0% used [0x00000000d6c00000,0x00000000d6c00000,0x00000000d6e80000)
 ParOldGen       total 68608K, used 26315K [0x0000000080000000, 0x0000000084300000, 0x00000000d5580000)
  object space 68608K, 38% used [0x0000000080000000,0x00000000819b2d08,0x0000000084300000)
 Metaspace       used 46916K, committed 48256K, reserved 1114112K
  class space    used 5126K, committed 5696K, reserved 1048576K
}
Event: 24.094 GC heap before
{Heap before GC invocations=23 (full 2):
 PSYoungGen      total 24576K, used 24354K [0x00000000d5580000, 0x00000000d7100000, 0x0000000100000000)
  eden space 22016K, 100% used [0x00000000d5580000,0x00000000d6b00000,0x00000000d6b00000)
  from space 2560K, 91% used [0x00000000d6e80000,0x00000000d70c8810,0x00000000d7100000)
  to   space 2560K, 0% used [0x00000000d6c00000,0x00000000d6c00000,0x00000000d6e80000)
 ParOldGen       total 68608K, used 26315K [0x0000000080000000, 0x0000000084300000, 0x00000000d5580000)
  object space 68608K, 38% used [0x0000000080000000,0x00000000819b2d08,0x0000000084300000)
 Metaspace       used 47073K, committed 48320K, reserved 1114112K
  class space    used 5149K, committed 5696K, reserved 1048576K
}
Event: 24.101 GC heap after
{Heap after GC invocations=23 (full 2):
 PSYoungGen      total 24576K, used 2176K [0x00000000d5580000, 0x00000000d7000000, 0x0000000100000000)
  eden space 22016K, 0% used [0x00000000d5580000,0x00000000d5580000,0x00000000d6b00000)
  from space 2560K, 85% used [0x00000000d6c00000,0x00000000d6e20020,0x00000000d6e80000)
  to   space 1536K, 0% used [0x00000000d6e80000,0x00000000d6e80000,0x00000000d7000000)
 ParOldGen       total 68608K, used 28393K [0x0000000080000000, 0x0000000084300000, 0x00000000d5580000)
  object space 68608K, 41% used [0x0000000080000000,0x0000000081bba518,0x0000000084300000)
 Metaspace       used 47073K, committed 48320K, reserved 1114112K
  class space    used 5149K, committed 5696K, reserved 1048576K
}
Event: 24.234 GC heap before
{Heap before GC invocations=24 (full 2):
 PSYoungGen      total 24576K, used 24192K [0x00000000d5580000, 0x00000000d7000000, 0x0000000100000000)
  eden space 22016K, 100% used [0x00000000d5580000,0x00000000d6b00000,0x00000000d6b00000)
  from space 2560K, 85% used [0x00000000d6c00000,0x00000000d6e20020,0x00000000d6e80000)
  to   space 1536K, 0% used [0x00000000d6e80000,0x00000000d6e80000,0x00000000d7000000)
 ParOldGen       total 68608K, used 28393K [0x0000000080000000, 0x0000000084300000, 0x00000000d5580000)
  object space 68608K, 41% used [0x0000000080000000,0x0000000081bba518,0x0000000084300000)
 Metaspace       used 47094K, committed 48384K, reserved 1114112K
  class space    used 5149K, committed 5696K, reserved 1048576K
}
Event: 24.242 GC heap after
{Heap after GC invocations=24 (full 2):
 PSYoungGen      total 22528K, used 1536K [0x00000000d5580000, 0x00000000d7400000, 0x0000000100000000)
  eden space 20992K, 0% used [0x00000000d5580000,0x00000000d5580000,0x00000000d6a00000)
  from space 1536K, 100% used [0x00000000d6e80000,0x00000000d7000000,0x00000000d7000000)
  to   space 4608K, 0% used [0x00000000d6a00000,0x00000000d6a00000,0x00000000d6e80000)
 ParOldGen       total 68608K, used 31001K [0x0000000080000000, 0x0000000084300000, 0x00000000d5580000)
  object space 68608K, 45% used [0x0000000080000000,0x0000000081e46648,0x0000000084300000)
 Metaspace       used 47094K, committed 48384K, reserved 1114112K
  class space    used 5149K, committed 5696K, reserved 1048576K
}
Event: 24.340 GC heap before
{Heap before GC invocations=25 (full 2):
 PSYoungGen      total 22528K, used 22528K [0x00000000d5580000, 0x00000000d7400000, 0x0000000100000000)
  eden space 20992K, 100% used [0x00000000d5580000,0x00000000d6a00000,0x00000000d6a00000)
  from space 1536K, 100% used [0x00000000d6e80000,0x00000000d7000000,0x00000000d7000000)
  to   space 4608K, 0% used [0x00000000d6a00000,0x00000000d6a00000,0x00000000d6e80000)
 ParOldGen       total 68608K, used 31001K [0x0000000080000000, 0x0000000084300000, 0x00000000d5580000)
  object space 68608K, 45% used [0x0000000080000000,0x0000000081e46648,0x0000000084300000)
 Metaspace       used 47103K, committed 48384K, reserved 1114112K
  class space    used 5149K, committed 5696K, reserved 1048576K
}
Event: 24.347 GC heap after
{Heap after GC invocations=25 (full 2):
 PSYoungGen      total 23040K, used 1888K [0x00000000d5580000, 0x00000000d7000000, 0x0000000100000000)
  eden space 20992K, 0% used [0x00000000d5580000,0x00000000d5580000,0x00000000d6a00000)
  from space 2048K, 92% used [0x00000000d6a00000,0x00000000d6bd8000,0x00000000d6c00000)
  to   space 3072K, 0% used [0x00000000d6d00000,0x00000000d6d00000,0x00000000d7000000)
 ParOldGen       total 68608K, used 32569K [0x0000000080000000, 0x0000000084300000, 0x00000000d5580000)
  object space 68608K, 47% used [0x0000000080000000,0x0000000081fce620,0x0000000084300000)
 Metaspace       used 47103K, committed 48384K, reserved 1114112K
  class space    used 5149K, committed 5696K, reserved 1048576K
}
Event: 24.542 GC heap before
{Heap before GC invocations=26 (full 2):
 PSYoungGen      total 23040K, used 22880K [0x00000000d5580000, 0x00000000d7000000, 0x0000000100000000)
  eden space 20992K, 100% used [0x00000000d5580000,0x00000000d6a00000,0x00000000d6a00000)
  from space 2048K, 92% used [0x00000000d6a00000,0x00000000d6bd8000,0x00000000d6c00000)
  to   space 3072K, 0% used [0x00000000d6d00000,0x00000000d6d00000,0x00000000d7000000)
 ParOldGen       total 68608K, used 32569K [0x0000000080000000, 0x0000000084300000, 0x00000000d5580000)
  object space 68608K, 47% used [0x0000000080000000,0x0000000081fce620,0x0000000084300000)
 Metaspace       used 47156K, committed 48448K, reserved 1114112K
  class space    used 5152K, committed 5760K, reserved 1048576K
}
Event: 24.549 GC heap after
{Heap after GC invocations=26 (full 2):
 PSYoungGen      total 23552K, used 2080K [0x00000000d5580000, 0x00000000d6f80000, 0x0000000100000000)
  eden space 20992K, 0% used [0x00000000d5580000,0x00000000d5580000,0x00000000d6a00000)
  from space 2560K, 81% used [0x00000000d6d00000,0x00000000d6f08010,0x00000000d6f80000)
  to   space 2560K, 0% used [0x00000000d6a80000,0x00000000d6a80000,0x00000000d6d00000)
 ParOldGen       total 68608K, used 34313K [0x0000000080000000, 0x0000000084300000, 0x00000000d5580000)
  object space 68608K, 50% used [0x0000000080000000,0x0000000082182620,0x0000000084300000)
 Metaspace       used 47156K, committed 48448K, reserved 1114112K
  class space    used 5152K, committed 5760K, reserved 1048576K
}
Event: 24.694 GC heap before
{Heap before GC invocations=27 (full 2):
 PSYoungGen      total 23552K, used 23072K [0x00000000d5580000, 0x00000000d6f80000, 0x0000000100000000)
  eden space 20992K, 100% used [0x00000000d5580000,0x00000000d6a00000,0x00000000d6a00000)
  from space 2560K, 81% used [0x00000000d6d00000,0x00000000d6f08010,0x00000000d6f80000)
  to   space 2560K, 0% used [0x00000000d6a80000,0x00000000d6a80000,0x00000000d6d00000)
 ParOldGen       total 68608K, used 34313K [0x0000000080000000, 0x0000000084300000, 0x00000000d5580000)
  object space 68608K, 50% used [0x0000000080000000,0x0000000082182620,0x0000000084300000)
 Metaspace       used 47197K, committed 48512K, reserved 1114112K
  class space    used 5161K, committed 5760K, reserved 1048576K
}
Event: 24.701 GC heap after
{Heap after GC invocations=27 (full 2):
 PSYoungGen      total 23552K, used 2056K [0x00000000d5580000, 0x00000000d6f00000, 0x0000000100000000)
  eden space 20992K, 0% used [0x00000000d5580000,0x00000000d5580000,0x00000000d6a00000)
  from space 2560K, 80% used [0x00000000d6a80000,0x00000000d6c822b0,0x00000000d6d00000)
  to   space 2048K, 0% used [0x00000000d6d00000,0x00000000d6d00000,0x00000000d6f00000)
 ParOldGen       total 68608K, used 36233K [0x0000000080000000, 0x0000000084300000, 0x00000000d5580000)
  object space 68608K, 52% used [0x0000000080000000,0x0000000082362630,0x0000000084300000)
 Metaspace       used 47197K, committed 48512K, reserved 1114112K
  class space    used 5161K, committed 5760K, reserved 1048576K
}
Event: 25.839 GC heap before
{Heap before GC invocations=28 (full 2):
 PSYoungGen      total 23552K, used 23048K [0x00000000d5580000, 0x00000000d6f00000, 0x0000000100000000)
  eden space 20992K, 100% used [0x00000000d5580000,0x00000000d6a00000,0x00000000d6a00000)
  from space 2560K, 80% used [0x00000000d6a80000,0x00000000d6c822b0,0x00000000d6d00000)
  to   space 2048K, 0% used [0x00000000d6d00000,0x00000000d6d00000,0x00000000d6f00000)
 ParOldGen       total 68608K, used 36233K [0x0000000080000000, 0x0000000084300000, 0x00000000d5580000)
  object space 68608K, 52% used [0x0000000080000000,0x0000000082362630,0x0000000084300000)
 Metaspace       used 49601K, committed 50880K, reserved 1114112K
  class space    used 5401K, committed 5952K, reserved 1048576K
}
Event: 27.876 GC heap after
{Heap after GC invocations=28 (full 2):
 PSYoungGen      total 23040K, used 2035K [0x00000000d5580000, 0x00000000d6f00000, 0x0000000100000000)
  eden space 20992K, 0% used [0x00000000d5580000,0x00000000d5580000,0x00000000d6a00000)
  from space 2048K, 99% used [0x00000000d6d00000,0x00000000d6efcd28,0x00000000d6f00000)
  to   space 2560K, 0% used [0x00000000d6a80000,0x00000000d6a80000,0x00000000d6d00000)
 ParOldGen       total 68608K, used 39213K [0x0000000080000000, 0x0000000084300000, 0x00000000d5580000)
  object space 68608K, 57% used [0x0000000080000000,0x000000008264b6c8,0x0000000084300000)
 Metaspace       used 49601K, committed 50880K, reserved 1114112K
  class space    used 5401K, committed 5952K, reserved 1048576K
}
Event: 29.982 GC heap before
{Heap before GC invocations=29 (full 2):
 PSYoungGen      total 23040K, used 23027K [0x00000000d5580000, 0x00000000d6f00000, 0x0000000100000000)
  eden space 20992K, 100% used [0x00000000d5580000,0x00000000d6a00000,0x00000000d6a00000)
  from space 2048K, 99% used [0x00000000d6d00000,0x00000000d6efcd28,0x00000000d6f00000)
  to   space 2560K, 0% used [0x00000000d6a80000,0x00000000d6a80000,0x00000000d6d00000)
 ParOldGen       total 68608K, used 39213K [0x0000000080000000, 0x0000000084300000, 0x00000000d5580000)
  object space 68608K, 57% used [0x0000000080000000,0x000000008264b6c8,0x0000000084300000)
 Metaspace       used 50509K, committed 51840K, reserved 1114112K
  class space    used 5513K, committed 6080K, reserved 1048576K
}
Event: 29.989 GC heap after
{Heap after GC invocations=29 (full 2):
 PSYoungGen      total 21504K, used 480K [0x00000000d5580000, 0x00000000d6f00000, 0x0000000100000000)
  eden space 20992K, 0% used [0x00000000d5580000,0x00000000d5580000,0x00000000d6a00000)
  from space 512K, 93% used [0x00000000d6a80000,0x00000000d6af8010,0x00000000d6b00000)
  to   space 2560K, 0% used [0x00000000d6c80000,0x00000000d6c80000,0x00000000d6f00000)
 ParOldGen       total 68608K, used 41204K [0x0000000080000000, 0x0000000084300000, 0x00000000d5580000)
  object space 68608K, 60% used [0x0000000080000000,0x000000008283d3f0,0x0000000084300000)
 Metaspace       used 50509K, committed 51840K, reserved 1114112K
  class space    used 5513K, committed 6080K, reserved 1048576K
}

Dll operation events (10 events):
Event: 0.035 Loaded shared library c:\Users\DELL\.vscode\extensions\redhat.java-1.54.0-win32-x64\jre\21.0.10-win32-x86_64\bin\java.dll
Event: 0.312 Loaded shared library c:\Users\DELL\.vscode\extensions\redhat.java-1.54.0-win32-x64\jre\21.0.10-win32-x86_64\bin\zip.dll
Event: 0.398 Loaded shared library C:\Users\DELL\.vscode\extensions\redhat.java-1.54.0-win32-x64\jre\21.0.10-win32-x86_64\bin\instrument.dll
Event: 0.413 Loaded shared library C:\Users\DELL\.vscode\extensions\redhat.java-1.54.0-win32-x64\jre\21.0.10-win32-x86_64\bin\net.dll
Event: 0.418 Loaded shared library C:\Users\DELL\.vscode\extensions\redhat.java-1.54.0-win32-x64\jre\21.0.10-win32-x86_64\bin\nio.dll
Event: 0.425 Loaded shared library C:\Users\DELL\.vscode\extensions\redhat.java-1.54.0-win32-x64\jre\21.0.10-win32-x86_64\bin\zip.dll
Event: 0.463 Loaded shared library C:\Users\DELL\.vscode\extensions\redhat.java-1.54.0-win32-x64\jre\21.0.10-win32-x86_64\bin\jimage.dll
Event: 0.656 Loaded shared library c:\Users\DELL\.vscode\extensions\redhat.java-1.54.0-win32-x64\jre\21.0.10-win32-x86_64\bin\verify.dll
Event: 3.981 Loaded shared library C:\Users\DELL\AppData\Roaming\Code\User\globalStorage\redhat.java\1.54.0\config_win\org.eclipse.equinox.launcher\org.eclipse.equinox.launcher.win32.win32.x86_64_1.3.0.v20260203-2149\eclipse_11919.dll
Event: 10.144 Loaded shared library C:\Users\DELL\AppData\Local\Temp\jna-2094529\jna1895825205254782959.dll

Deoptimization events (20 events):
Event: 30.447 Thread 0x0000025fe5d77aa0 DEOPT PACKING pc=0x0000025fd15b5359 sp=0x000000f10a4fa370
Event: 30.447 Thread 0x0000025fe5d77aa0 DEOPT UNPACKING pc=0x0000025fd8764242 sp=0x000000f10a4f9808 mode 0
Event: 30.484 Thread 0x0000025fe5d77aa0 Uncommon trap: trap_request=0xffffffde fr.pc=0x0000025fd8e8777c relative=0x0000000000006a9c
Event: 30.484 Thread 0x0000025fe5d77aa0 Uncommon trap: reason=class_check action=maybe_recompile pc=0x0000025fd8e8777c method=lombok.patcher.PatchScript$MethodPatcher.visitMethod(ILjava/lang/String;Ljava/lang/String;Ljava/lang/String;[Ljava/lang/String;)Lorg/lombokweb/asm/MethodVisitor; @ 101 c
Event: 30.484 Thread 0x0000025fe5d77aa0 DEOPT PACKING pc=0x0000025fd8e8777c sp=0x000000f10a4fa7e0
Event: 30.484 Thread 0x0000025fe5d77aa0 DEOPT UNPACKING pc=0x0000025fd8763aa2 sp=0x000000f10a4fa748 mode 2
Event: 30.484 Thread 0x0000025fe5d77aa0 Uncommon trap: trap_request=0xffffffde fr.pc=0x0000025fd8e8777c relative=0x0000000000006a9c
Event: 30.484 Thread 0x0000025fe5d77aa0 Uncommon trap: reason=class_check action=maybe_recompile pc=0x0000025fd8e8777c method=lombok.patcher.PatchScript$MethodPatcher.visitMethod(ILjava/lang/String;Ljava/lang/String;Ljava/lang/String;[Ljava/lang/String;)Lorg/lombokweb/asm/MethodVisitor; @ 101 c
Event: 30.484 Thread 0x0000025fe5d77aa0 DEOPT PACKING pc=0x0000025fd8e8777c sp=0x000000f10a4fa7e0
Event: 30.484 Thread 0x0000025fe5d77aa0 DEOPT UNPACKING pc=0x0000025fd8763aa2 sp=0x000000f10a4fa748 mode 2
Event: 30.484 Thread 0x0000025fe5d77aa0 Uncommon trap: trap_request=0xffffffde fr.pc=0x0000025fd8e8777c relative=0x0000000000006a9c
Event: 30.484 Thread 0x0000025fe5d77aa0 Uncommon trap: reason=class_check action=maybe_recompile pc=0x0000025fd8e8777c method=lombok.patcher.PatchScript$MethodPatcher.visitMethod(ILjava/lang/String;Ljava/lang/String;Ljava/lang/String;[Ljava/lang/String;)Lorg/lombokweb/asm/MethodVisitor; @ 101 c
Event: 30.484 Thread 0x0000025fe5d77aa0 DEOPT PACKING pc=0x0000025fd8e8777c sp=0x000000f10a4fa7e0
Event: 30.485 Thread 0x0000025fe5d77aa0 DEOPT UNPACKING pc=0x0000025fd8763aa2 sp=0x000000f10a4fa748 mode 2
Event: 30.485 Thread 0x0000025fe5d77aa0 Uncommon trap: trap_request=0xffffffde fr.pc=0x0000025fd8e8777c relative=0x0000000000006a9c
Event: 30.485 Thread 0x0000025fe5d77aa0 Uncommon trap: reason=class_check action=maybe_recompile pc=0x0000025fd8e8777c method=lombok.patcher.PatchScript$MethodPatcher.visitMethod(ILjava/lang/String;Ljava/lang/String;Ljava/lang/String;[Ljava/lang/String;)Lorg/lombokweb/asm/MethodVisitor; @ 101 c
Event: 30.485 Thread 0x0000025fe5d77aa0 DEOPT PACKING pc=0x0000025fd8e8777c sp=0x000000f10a4fa7e0
Event: 30.485 Thread 0x0000025fe5d77aa0 DEOPT UNPACKING pc=0x0000025fd8763aa2 sp=0x000000f10a4fa748 mode 2
Event: 30.490 Thread 0x0000025fe5d77aa0 DEOPT PACKING pc=0x0000025fd15b5359 sp=0x000000f10a4fa2c0
Event: 30.490 Thread 0x0000025fe5d77aa0 DEOPT UNPACKING pc=0x0000025fd8764242 sp=0x000000f10a4f9758 mode 0

Classes loaded (20 events):
Event: 23.320 Loading class jdk/internal/jrtfs/JrtFileSystem
Event: 23.321 Loading class jdk/internal/jrtfs/JrtFileSystem done
Event: 23.322 Loading class jdk/internal/jrtfs/JrtPath
Event: 23.323 Loading class jdk/internal/jrtfs/JrtPath done
Event: 23.323 Loading class jdk/internal/jimage/ImageReader$Node
Event: 23.323 Loading class jdk/internal/jimage/ImageReader$Node done
Event: 23.335 Loading class java/nio/ByteBufferAsIntBufferL
Event: 23.335 Loading class java/nio/ByteBufferAsIntBufferL done
Event: 23.340 Loading class jdk/internal/jimage/ImageReader$Directory
Event: 23.341 Loading class jdk/internal/jimage/ImageReader$Directory done
Event: 23.929 Loading class java/util/AbstractList$ListItr
Event: 23.929 Loading class java/util/AbstractList$ListItr done
Event: 23.957 Loading class java/nio/channels/Channels$ReadableByteChannelImpl
Event: 23.957 Loading class java/nio/channels/Channels$ReadableByteChannelImpl done
Event: 23.959 Loading class java/nio/channels/NonWritableChannelException
Event: 23.959 Loading class java/nio/channels/NonWritableChannelException done
Event: 24.948 Loading class java/lang/UnsupportedClassVersionError
Event: 24.949 Loading class java/lang/UnsupportedClassVersionError done
Event: 28.361 Loading class java/util/Vector$1
Event: 28.361 Loading class java/util/Vector$1 done

Classes unloaded (16 events):
Event: 11.811 Thread 0x0000025fcdf72c80 Unloading class 0x0000025f811ad400 'java/lang/invoke/LambdaForm$MH+0x0000025f811ad400'
Event: 11.811 Thread 0x0000025fcdf72c80 Unloading class 0x0000025f811ad000 'java/lang/invoke/LambdaForm$MH+0x0000025f811ad000'
Event: 11.811 Thread 0x0000025fcdf72c80 Unloading class 0x0000025f811acc00 'java/lang/invoke/LambdaForm$MH+0x0000025f811acc00'
Event: 11.811 Thread 0x0000025fcdf72c80 Unloading class 0x0000025f811ac800 'java/lang/invoke/LambdaForm$MH+0x0000025f811ac800'
Event: 11.811 Thread 0x0000025fcdf72c80 Unloading class 0x0000025f811ac400 'java/lang/invoke/LambdaForm$BMH+0x0000025f811ac400'
Event: 11.811 Thread 0x0000025fcdf72c80 Unloading class 0x0000025f811ac000 'java/lang/invoke/LambdaForm$DMH+0x0000025f811ac000'
Event: 11.811 Thread 0x0000025fcdf72c80 Unloading class 0x0000025f811aac00 'java/lang/invoke/LambdaForm$DMH+0x0000025f811aac00'
Event: 17.724 Thread 0x0000025fcdf72c80 Unloading class 0x0000025f81319400 'java/lang/invoke/LambdaForm$MH+0x0000025f81319400'
Event: 17.724 Thread 0x0000025fcdf72c80 Unloading class 0x0000025f81318800 'java/lang/invoke/LambdaForm$MH+0x0000025f81318800'
Event: 17.724 Thread 0x0000025fcdf72c80 Unloading class 0x0000025f81318400 'java/lang/invoke/LambdaForm$DMH+0x0000025f81318400'
Event: 17.724 Thread 0x0000025fcdf72c80 Unloading class 0x0000025f81313000 'java/lang/invoke/LambdaForm$MH+0x0000025f81313000'
Event: 17.724 Thread 0x0000025fcdf72c80 Unloading class 0x0000025f8130f000 'java/lang/invoke/LambdaForm$MH+0x0000025f8130f000'
Event: 17.724 Thread 0x0000025fcdf72c80 Unloading class 0x0000025f8130ec00 'java/lang/invoke/LambdaForm$MH+0x0000025f8130ec00'
Event: 17.724 Thread 0x0000025fcdf72c80 Unloading class 0x0000025f8130e000 'java/lang/invoke/LambdaForm$MH+0x0000025f8130e000'
Event: 17.724 Thread 0x0000025fcdf72c80 Unloading class 0x0000025f8130d800 'java/lang/invoke/LambdaForm$MH+0x0000025f8130d800'
Event: 17.724 Thread 0x0000025fcdf72c80 Unloading class 0x0000025f8130c800 'java/lang/invoke/LambdaForm$MH+0x0000025f8130c800'

Classes redefined (0 events):
No events

Internal exceptions (20 events):
Event: 23.204 Thread 0x0000025fe5d77aa0 Exception <a 'sun/nio/fs/WindowsException'{0x00000000d5663fd8}> (0x00000000d5663fd8) 
thrown [s\src\hotspot\share\prims\jni.cpp, line 520]
Event: 23.205 Thread 0x0000025fe5d77aa0 Exception <a 'sun/nio/fs/WindowsException'{0x00000000d56673f0}> (0x00000000d56673f0) 
thrown [s\src\hotspot\share\prims\jni.cpp, line 520]
Event: 23.206 Thread 0x0000025fe5d77aa0 Exception <a 'sun/nio/fs/WindowsException'{0x00000000d566a4c0}> (0x00000000d566a4c0) 
thrown [s\src\hotspot\share\prims\jni.cpp, line 520]
Event: 23.208 Thread 0x0000025fe5d77aa0 Exception <a 'sun/nio/fs/WindowsException'{0x00000000d566e570}> (0x00000000d566e570) 
thrown [s\src\hotspot\share\prims\jni.cpp, line 520]
Event: 23.209 Thread 0x0000025fe5d77aa0 Exception <a 'sun/nio/fs/WindowsException'{0x00000000d5671938}> (0x00000000d5671938) 
thrown [s\src\hotspot\share\prims\jni.cpp, line 520]
Event: 23.210 Thread 0x0000025fe5d77aa0 Exception <a 'sun/nio/fs/WindowsException'{0x00000000d5674f78}> (0x00000000d5674f78) 
thrown [s\src\hotspot\share\prims\jni.cpp, line 520]
Event: 23.211 Thread 0x0000025fe5d77aa0 Exception <a 'sun/nio/fs/WindowsException'{0x00000000d5678dc8}> (0x00000000d5678dc8) 
thrown [s\src\hotspot\share\prims\jni.cpp, line 520]
Event: 23.212 Thread 0x0000025fe5d77aa0 Exception <a 'sun/nio/fs/WindowsException'{0x00000000d567c0d8}> (0x00000000d567c0d8) 
thrown [s\src\hotspot\share\prims\jni.cpp, line 520]
Event: 23.213 Thread 0x0000025fe5d77aa0 Exception <a 'sun/nio/fs/WindowsException'{0x00000000d5681b38}> (0x00000000d5681b38) 
thrown [s\src\hotspot\share\prims\jni.cpp, line 520]
Event: 23.214 Thread 0x0000025fe5d77aa0 Exception <a 'sun/nio/fs/WindowsException'{0x00000000d5685c38}> (0x00000000d5685c38) 
thrown [s\src\hotspot\share\prims\jni.cpp, line 520]
Event: 23.215 Thread 0x0000025fe5d77aa0 Exception <a 'sun/nio/fs/WindowsException'{0x00000000d568a0e8}> (0x00000000d568a0e8) 
thrown [s\src\hotspot\share\prims\jni.cpp, line 520]
Event: 23.216 Thread 0x0000025fe5d77aa0 Exception <a 'sun/nio/fs/WindowsException'{0x00000000d568d998}> (0x00000000d568d998) 
thrown [s\src\hotspot\share\prims\jni.cpp, line 520]
Event: 23.217 Thread 0x0000025fe5d77aa0 Exception <a 'sun/nio/fs/WindowsException'{0x00000000d56917f0}> (0x00000000d56917f0) 
thrown [s\src\hotspot\share\prims\jni.cpp, line 520]
Event: 23.218 Thread 0x0000025fe5d77aa0 Exception <a 'sun/nio/fs/WindowsException'{0x00000000d5694818}> (0x00000000d5694818) 
thrown [s\src\hotspot\share\prims\jni.cpp, line 520]
Event: 23.219 Thread 0x0000025fe5d77aa0 Exception <a 'sun/nio/fs/WindowsException'{0x00000000d5699470}> (0x00000000d5699470) 
thrown [s\src\hotspot\share\prims\jni.cpp, line 520]
Event: 23.220 Thread 0x0000025fe5d77aa0 Exception <a 'sun/nio/fs/WindowsException'{0x00000000d569ce90}> (0x00000000d569ce90) 
thrown [s\src\hotspot\share\prims\jni.cpp, line 520]
Event: 23.302 Thread 0x0000025fe5d77aa0 Exception <a 'java/lang/NoSuchMethodError'{0x00000000d5895cc8}: 'java.lang.Object java.lang.invoke.DelegatingMethodHandle$Holder.reinvoke_L(java.lang.Object, int, long, java.lang.Object, java.lang.Object, int, java.lang.Object)'> (0x00000000d5895cc8) 
thrown [s\src\hotspot\share\interpreter\linkResolver.cpp, line 773]
Event: 23.547 Thread 0x0000025fe5d77aa0 Exception <a 'java/lang/NoSuchMethodError'{0x00000000d5e33d78}: 'java.lang.Object java.lang.invoke.Invokers$Holder.invoke_MT(java.lang.Object, java.lang.Object, java.lang.Object, java.lang.Object, java.lang.Object, java.lang.Object, java.lang.Object, java.lang.Object, java.lang.Object, java.lang.Object)'> (0x00000000d5e33d78) 
thrown [s\src\hotspot\share\interpreter\linkResolver.cpp, line 773]
Event: 24.962 Thread 0x0000025fe5d77aa0 Exception <a 'java/lang/NoSuchMethodError'{0x00000000d5c2d968}: 'int java.lang.invoke.Invokers$Holder.invokeExact_MT(java.lang.Object, java.lang.Object)'> (0x00000000d5c2d968) 
thrown [s\src\hotspot\share\interpreter\linkResolver.cpp, line 773]
Event: 25.425 Thread 0x0000025fe5d77aa0 Exception <a 'java/lang/NoSuchMethodError'{0x00000000d63d1848}: 'java.lang.Object java.lang.invoke.DirectMethodHandle$Holder.invokeVirtual(java.lang.Object, java.lang.Object, int)'> (0x00000000d63d1848) 
thrown [s\src\hotspot\share\interpreter\linkResolver.cpp, line 773]

ZGC Phase Switch (0 events):
No events

VM Operations (20 events):
Event: 24.340 Executing safepoint VM operation: ParallelGCFailedAllocation (Allocation Failure)
Event: 24.347 Executing safepoint VM operation: ParallelGCFailedAllocation (Allocation Failure) done
Event: 24.542 Executing safepoint VM operation: ParallelGCFailedAllocation (Allocation Failure)
Event: 24.549 Executing safepoint VM operation: ParallelGCFailedAllocation (Allocation Failure) done
Event: 24.694 Executing safepoint VM operation: ParallelGCFailedAllocation (Allocation Failure)
Event: 24.701 Executing safepoint VM operation: ParallelGCFailedAllocation (Allocation Failure) done
Event: 24.896 Executing non-safepoint VM operation: HandshakeAllThreads (Deoptimize)
Event: 24.896 Executing non-safepoint VM operation: HandshakeAllThreads (Deoptimize) done
Event: 25.839 Executing safepoint VM operation: ParallelGCFailedAllocation (Allocation Failure)
Event: 27.876 Executing safepoint VM operation: ParallelGCFailedAllocation (Allocation Failure) done
Event: 28.888 Executing safepoint VM operation: Cleanup
Event: 28.888 Executing safepoint VM operation: Cleanup done
Event: 29.888 Executing safepoint VM operation: Cleanup
Event: 29.888 Executing safepoint VM operation: Cleanup done
Event: 29.982 Executing safepoint VM operation: ParallelGCFailedAllocation (Allocation Failure)
Event: 29.989 Executing safepoint VM operation: ParallelGCFailedAllocation (Allocation Failure) done
Event: 31.002 Executing safepoint VM operation: Cleanup
Event: 31.514 Executing safepoint VM operation: Cleanup done
Event: 33.428 Executing safepoint VM operation: ParallelGCFailedAllocation (Allocation Failure)
Event: 33.428 Executing safepoint VM operation: ParallelGCFailedAllocation (Allocation Failure) done

Memory protections (0 events):
No events

Nmethod flushes (20 events):
Event: 17.746 Thread 0x0000025fcdf72c80 flushing  nmethod 0x0000025fd17e1a10
Event: 17.746 Thread 0x0000025fcdf72c80 flushing  nmethod 0x0000025fd181e610
Event: 17.746 Thread 0x0000025fcdf72c80 flushing  nmethod 0x0000025fd181f710
Event: 17.746 Thread 0x0000025fcdf72c80 flushing  nmethod 0x0000025fd1820010
Event: 17.746 Thread 0x0000025fcdf72c80 flushing  nmethod 0x0000025fd1821210
Event: 17.746 Thread 0x0000025fcdf72c80 flushing  nmethod 0x0000025fd1821a10
Event: 17.746 Thread 0x0000025fcdf72c80 flushing  nmethod 0x0000025fd1822b10
Event: 17.746 Thread 0x0000025fcdf72c80 flushing  nmethod 0x0000025fd1824410
Event: 17.746 Thread 0x0000025fcdf72c80 flushing  nmethod 0x0000025fd1825110
Event: 17.746 Thread 0x0000025fcdf72c80 flushing  nmethod 0x0000025fd1826510
Event: 17.746 Thread 0x0000025fcdf72c80 flushing  nmethod 0x0000025fd1826990
Event: 17.746 Thread 0x0000025fcdf72c80 flushing  nmethod 0x0000025fd1827690
Event: 17.746 Thread 0x0000025fcdf72c80 flushing  nmethod 0x0000025fd1827b90
Event: 17.746 Thread 0x0000025fcdf72c80 flushing  nmethod 0x0000025fd1829090
Event: 17.746 Thread 0x0000025fcdf72c80 flushing  nmethod 0x0000025fd1829390
Event: 17.746 Thread 0x0000025fcdf72c80 flushing  nmethod 0x0000025fd187bd90
Event: 17.746 Thread 0x0000025fcdf72c80 flushing  nmethod 0x0000025fd188cf90
Event: 17.746 Thread 0x0000025fcdf72c80 flushing  nmethod 0x0000025fd18ba110
Event: 17.746 Thread 0x0000025fcdf72c80 flushing  nmethod 0x0000025fd18d3a90
Event: 17.746 Thread 0x0000025fcdf72c80 flushing  nmethod 0x0000025fd18e2790

Events (20 events):
Event: 17.839 Thread 0x0000025fcdfee990 Thread added: 0x0000025fed04d540
Event: 17.840 Thread 0x0000025fcdfee990 Thread added: 0x0000025fed04dbd0
Event: 17.840 Thread 0x0000025fcdfee990 Thread added: 0x0000025fed051050
Event: 17.841 Thread 0x0000025fcdfee990 Thread added: 0x0000025fed0516e0
Event: 17.842 Thread 0x0000025fcdfee990 Thread added: 0x0000025fed04e260
Event: 17.843 Thread 0x0000025fcdfee990 Thread added: 0x0000025fed051d70
Event: 17.843 Thread 0x0000025fcdfee990 Thread added: 0x0000025fed04e8f0
Event: 18.006 Thread 0x0000025fcdfee990 Thread added: 0x0000025fed052400
Event: 19.344 Thread 0x0000025fcdfee990 Thread added: 0x0000025fed053120
Event: 19.345 Thread 0x0000025fcdfee990 Thread added: 0x0000025fed0537b0
Event: 21.048 Thread 0x0000025febccc240 Thread exited: 0x0000025febccc240
Event: 21.049 Thread 0x0000025febe189d0 Thread exited: 0x0000025febe189d0
Event: 21.390 Thread 0x0000025fcdf8e680 Thread added: 0x0000025fef200cc0
Event: 21.497 Thread 0x0000025fcdf8e680 Thread added: 0x0000025fef1fdd10
Event: 22.096 Thread 0x0000025fe5d787c0 Thread added: 0x0000025fed053e40
Event: 22.106 Thread 0x0000025fed053e40 Thread added: 0x0000025fed0544d0
Event: 22.699 Thread 0x0000025fe5d77aa0 Thread added: 0x0000025fef35e100
Event: 25.703 Thread 0x0000025fef1fdd10 Thread exited: 0x0000025fef1fdd10
Event: 28.936 Thread 0x0000025fef200cc0 Thread exited: 0x0000025fef200cc0
Event: 30.448 Thread 0x0000025fcdf8e680 Thread added: 0x0000025fec79de00


Dynamic libraries:
0x00007ff71d890000 - 0x00007ff71d89e000 	c:\Users\DELL\.vscode\extensions\redhat.java-1.54.0-win32-x64\jre\21.0.10-win32-x86_64\bin\java.exe
0x00007ffcc89c0000 - 0x00007ffcc8c27000 	C:\WINDOWS\SYSTEM32\ntdll.dll
0x00007ffcc7010000 - 0x00007ffcc70d9000 	C:\WINDOWS\System32\KERNEL32.DLL
0x00007ffcc6160000 - 0x00007ffcc6557000 	C:\WINDOWS\System32\KERNELBASE.dll
0x00007ffcc2650000 - 0x00007ffcc26f0000 	C:\WINDOWS\SYSTEM32\apphelp.dll
0x00007ffcc5570000 - 0x00007ffcc56bb000 	C:\WINDOWS\System32\ucrtbase.dll
0x00007ffcacb50000 - 0x00007ffcacb68000 	c:\Users\DELL\.vscode\extensions\redhat.java-1.54.0-win32-x64\jre\21.0.10-win32-x86_64\bin\jli.dll
0x00007ffcc7c80000 - 0x00007ffcc7e46000 	C:\WINDOWS\System32\USER32.dll
0x00007ffcc53f0000 - 0x00007ffcc5417000 	C:\WINDOWS\System32\win32u.dll
0x00007ffcc69f0000 - 0x00007ffcc6a1b000 	C:\WINDOWS\System32\GDI32.dll
0x00007ffcc6560000 - 0x00007ffcc668c000 	C:\WINDOWS\System32\gdi32full.dll
0x00007ffcc56c0000 - 0x00007ffcc5763000 	C:\WINDOWS\System32\msvcp_win.dll
0x00007ffcacb30000 - 0x00007ffcacb4e000 	c:\Users\DELL\.vscode\extensions\redhat.java-1.54.0-win32-x64\jre\21.0.10-win32-x86_64\bin\VCRUNTIME140.dll
0x00007ffca7170000 - 0x00007ffca7402000 	C:\WINDOWS\WinSxS\amd64_microsoft.windows.common-controls_6595b64144ccf1df_6.0.26100.8457_none_3e0b2faee331e92d\COMCTL32.dll
0x00007ffcc6800000 - 0x00007ffcc68a9000 	C:\WINDOWS\System32\msvcrt.dll
0x00007ffcc8050000 - 0x00007ffcc8082000 	C:\WINDOWS\System32\IMM32.DLL
0x00007ffcacbc0000 - 0x00007ffcacbcc000 	c:\Users\DELL\.vscode\extensions\redhat.java-1.54.0-win32-x64\jre\21.0.10-win32-x86_64\bin\vcruntime140_1.dll
0x00007ffc7ec20000 - 0x00007ffc7ecad000 	c:\Users\DELL\.vscode\extensions\redhat.java-1.54.0-win32-x64\jre\21.0.10-win32-x86_64\bin\msvcp140.dll
0x00007ffc247c0000 - 0x00007ffc25561000 	c:\Users\DELL\.vscode\extensions\redhat.java-1.54.0-win32-x64\jre\21.0.10-win32-x86_64\bin\server\jvm.dll
0x00007ffcc68c0000 - 0x00007ffcc6976000 	C:\WINDOWS\System32\ADVAPI32.dll
0x00007ffcc8420000 - 0x00007ffcc84c7000 	C:\WINDOWS\System32\sechost.dll
0x00007ffcc7e50000 - 0x00007ffcc7f68000 	C:\WINDOWS\System32\RPCRT4.dll
0x00007ffcc84d0000 - 0x00007ffcc8550000 	C:\WINDOWS\System32\WS2_32.dll
0x00007ffcc5250000 - 0x00007ffcc52ae000 	C:\WINDOWS\SYSTEM32\POWRPROF.dll
0x00007ffcbdd30000 - 0x00007ffcbdd66000 	C:\WINDOWS\SYSTEM32\WINMM.dll
0x00007ffcb6ff0000 - 0x00007ffcb6ffb000 	C:\WINDOWS\SYSTEM32\VERSION.dll
0x00007ffcc5230000 - 0x00007ffcc5244000 	C:\WINDOWS\SYSTEM32\UMPDC.dll
0x00007ffcc4180000 - 0x00007ffcc419b000 	C:\WINDOWS\SYSTEM32\kernel.appcore.dll
0x00007ffcacb80000 - 0x00007ffcacb8a000 	c:\Users\DELL\.vscode\extensions\redhat.java-1.54.0-win32-x64\jre\21.0.10-win32-x86_64\bin\jimage.dll
0x00007ffcc3210000 - 0x00007ffcc3452000 	C:\WINDOWS\SYSTEM32\DBGHELP.DLL
0x00007ffcc8090000 - 0x00007ffcc8413000 	C:\WINDOWS\System32\combase.dll
0x00007ffcc7f70000 - 0x00007ffcc8049000 	C:\WINDOWS\System32\OLEAUT32.dll
0x00007ffca3a90000 - 0x00007ffca3acb000 	C:\WINDOWS\SYSTEM32\dbgcore.DLL
0x00007ffcc6690000 - 0x00007ffcc6738000 	C:\WINDOWS\System32\bcryptPrimitives.dll
0x00007ffcacb00000 - 0x00007ffcacb0f000 	c:\Users\DELL\.vscode\extensions\redhat.java-1.54.0-win32-x64\jre\21.0.10-win32-x86_64\bin\instrument.dll
0x00007ffcac4c0000 - 0x00007ffcac4e0000 	c:\Users\DELL\.vscode\extensions\redhat.java-1.54.0-win32-x64\jre\21.0.10-win32-x86_64\bin\java.dll
0x00007ffcc73e0000 - 0x00007ffcc7b4e000 	C:\WINDOWS\System32\SHELL32.dll
0x00007ffcc5770000 - 0x00007ffcc5fdc000 	C:\WINDOWS\System32\windows.storage.dll
0x00007ffcc6eb0000 - 0x00007ffcc6fa6000 	C:\WINDOWS\System32\SHCORE.dll
0x00007ffcc6980000 - 0x00007ffcc69e6000 	C:\WINDOWS\System32\shlwapi.dll
0x00007ffcc5310000 - 0x00007ffcc5339000 	C:\WINDOWS\SYSTEM32\profapi.dll
0x00007ffc9c960000 - 0x00007ffc9c978000 	c:\Users\DELL\.vscode\extensions\redhat.java-1.54.0-win32-x64\jre\21.0.10-win32-x86_64\bin\zip.dll
0x00007ffcac4b0000 - 0x00007ffcac4c0000 	C:\Users\DELL\.vscode\extensions\redhat.java-1.54.0-win32-x64\jre\21.0.10-win32-x86_64\bin\net.dll
0x00007ffcbdc00000 - 0x00007ffcbdd29000 	C:\WINDOWS\SYSTEM32\WINHTTP.dll
0x00007ffcc46f0000 - 0x00007ffcc475c000 	C:\WINDOWS\system32\mswsock.dll
0x00007ffc9d200000 - 0x00007ffc9d216000 	C:\Users\DELL\.vscode\extensions\redhat.java-1.54.0-win32-x64\jre\21.0.10-win32-x86_64\bin\nio.dll
0x00007ffcac4a0000 - 0x00007ffcac4b0000 	c:\Users\DELL\.vscode\extensions\redhat.java-1.54.0-win32-x64\jre\21.0.10-win32-x86_64\bin\verify.dll
0x00007ffc99b50000 - 0x00007ffc99b95000 	C:\Users\DELL\AppData\Roaming\Code\User\globalStorage\redhat.java\1.54.0\config_win\org.eclipse.equinox.launcher\org.eclipse.equinox.launcher.win32.win32.x86_64_1.3.0.v20260203-2149\eclipse_11919.dll
0x00007ffcc85a0000 - 0x00007ffcc8737000 	C:\WINDOWS\System32\ole32.dll
0x00007ffcc49d0000 - 0x00007ffcc49eb000 	C:\WINDOWS\SYSTEM32\CRYPTSP.dll
0x00007ffcc40c0000 - 0x00007ffcc40f9000 	C:\WINDOWS\system32\rsaenh.dll
0x00007ffcc47a0000 - 0x00007ffcc47d3000 	C:\WINDOWS\SYSTEM32\USERENV.dll
0x00007ffcc52e0000 - 0x00007ffcc530a000 	C:\WINDOWS\SYSTEM32\bcrypt.dll
0x00007ffcc49f0000 - 0x00007ffcc49fc000 	C:\WINDOWS\SYSTEM32\CRYPTBASE.dll
0x00007ffcc3b40000 - 0x00007ffcc3b72000 	C:\WINDOWS\SYSTEM32\IPHLPAPI.DLL
0x00007ffcc7350000 - 0x00007ffcc735a000 	C:\WINDOWS\System32\NSI.dll
0x00007ffc7f7a0000 - 0x00007ffc7f7e9000 	C:\Users\DELL\AppData\Local\Temp\jna-2094529\jna1895825205254782959.dll
0x00007ffcc68b0000 - 0x00007ffcc68b8000 	C:\WINDOWS\System32\PSAPI.DLL
0x00007ffcbf840000 - 0x00007ffcbf85d000 	C:\WINDOWS\SYSTEM32\dhcpcsvc6.DLL
0x00007ffcbf7f0000 - 0x00007ffcbf815000 	C:\WINDOWS\SYSTEM32\dhcpcsvc.DLL

JVMTI agents:
c:\Users\DELL\.vscode\extensions\redhat.java-1.54.0-win32-x64\lombok\lombok-1.18.39-4050.jar path:c:\Users\DELL\.vscode\extensions\redhat.java-1.54.0-win32-x64\jre\21.0.10-win32-x86_64\bin\instrument.dll, loaded, initialized, instrumentlib options:none

dbghelp: loaded successfully - version: 4.0.5 - missing functions: none
symbol engine: initialized successfully - sym options: 0x614 - pdb path: .;c:\Users\DELL\.vscode\extensions\redhat.java-1.54.0-win32-x64\jre\21.0.10-win32-x86_64\bin;C:\WINDOWS\SYSTEM32;C:\WINDOWS\WinSxS\amd64_microsoft.windows.common-controls_6595b64144ccf1df_6.0.26100.8457_none_3e0b2faee331e92d;c:\Users\DELL\.vscode\extensions\redhat.java-1.54.0-win32-x64\jre\21.0.10-win32-x86_64\bin\server;C:\Users\DELL\AppData\Roaming\Code\User\globalStorage\redhat.java\1.54.0\config_win\org.eclipse.equinox.launcher\org.eclipse.equinox.launcher.win32.win32.x86_64_1.3.0.v20260203-2149;C:\Users\DELL\AppData\Local\Temp\jna-2094529

VM Arguments:
jvm_args: --add-modules=ALL-SYSTEM --add-opens=java.base/java.util=ALL-UNNAMED --add-opens=java.base/java.lang=ALL-UNNAMED --add-opens=java.base/sun.nio.fs=ALL-UNNAMED -Declipse.application=org.eclipse.jdt.ls.core.id1 -Dosgi.bundles.defaultStartLevel=4 -Declipse.product=org.eclipse.jdt.ls.core.product -Djava.import.generatesMetadataFilesAtProjectRoot=false -DDetectVMInstallationsJob.disabled=true -Dfile.encoding=utf8 -XX:+UseParallelGC -XX:GCTimeRatio=4 -XX:AdaptiveSizePolicyWeight=90 -Dsun.zip.disableMemoryMapping=true -Xmx2G -Xms100m -Xlog:disable -javaagent:c:\Users\DELL\.vscode\extensions\redhat.java-1.54.0-win32-x64\lombok\lombok-1.18.39-4050.jar -XX:+HeapDumpOnOutOfMemoryError -XX:HeapDumpPath=c:\Users\DELL\AppData\Roaming\Code\User\workspaceStorage\bd6f0a1d75c875ec6698c7be3d7456fe\redhat.java -Daether.dependencyCollector.impl=bf 
java_command: c:\Users\DELL\.vscode\extensions\redhat.java-1.54.0-win32-x64\server\plugins\org.eclipse.equinox.launcher_1.7.100.v20251111-0406.jar -configuration c:\Users\DELL\AppData\Roaming\Code\User\globalStorage\redhat.java\1.54.0\config_win -data c:\Users\DELL\AppData\Roaming\Code\User\workspaceStorage\bd6f0a1d75c875ec6698c7be3d7456fe\redhat.java\jdt_ws --pipe=\\.\pipe\lsp-0c038ecfb93334569464692e2d27aaca-sock
java_class_path (initial): c:\Users\DELL\.vscode\extensions\redhat.java-1.54.0-win32-x64\server\plugins\org.eclipse.equinox.launcher_1.7.100.v20251111-0406.jar
Launcher Type: SUN_STANDARD

[Global flags]
    uintx AdaptiveSizePolicyWeight                 = 90                                        {product} {command line}
     intx CICompilerCount                          = 4                                         {product} {ergonomic}
    uintx GCTimeRatio                              = 4                                         {product} {command line}
     bool HeapDumpOnOutOfMemoryError               = true                                   {manageable} {command line}
    ccstr HeapDumpPath                             = c:\Users\DELL\AppData\Roaming\Code\User\workspaceStorage\bd6f0a1d75c875ec6698c7be3d7456fe\redhat.java         {manageable} {command line}
   size_t InitialHeapSize                          = 104857600                                 {product} {command line}
   size_t MaxHeapSize                              = 2147483648                                {product} {command line}
   size_t MaxNewSize                               = 715653120                                 {product} {ergonomic}
   size_t MinHeapDeltaBytes                        = 524288                                    {product} {ergonomic}
   size_t MinHeapSize                              = 104857600                                 {product} {command line}
   size_t NewSize                                  = 34603008                                  {product} {ergonomic}
    uintx NonNMethodCodeHeapSize                   = 5839372                                {pd product} {ergonomic}
    uintx NonProfiledCodeHeapSize                  = 122909434                              {pd product} {ergonomic}
   size_t OldSize                                  = 70254592                                  {product} {ergonomic}
    uintx ProfiledCodeHeapSize                     = 122909434                              {pd product} {ergonomic}
    uintx ReservedCodeCacheSize                    = 251658240                              {pd product} {ergonomic}
     bool SegmentedCodeCache                       = true                                      {product} {ergonomic}
   size_t SoftMaxHeapSize                          = 2147483648                             {manageable} {ergonomic}
     bool UseCompressedOops                        = true                           {product lp64_product} {ergonomic}
     bool UseLargePagesIndividualAllocation        = false                                  {pd product} {ergonomic}
     bool UseParallelGC                            = true                                      {product} {command line}

Logging:
Log output configuration:
 #0: stdout all=off uptime,level,tags foldmultilines=false
 #1: stderr all=off uptime,level,tags foldmultilines=false

Release file:
JAVA_VERSION="21.0.10" 
MODULES="java.base java.compiler java.datatransfer java.xml java.prefs java.desktop java.instrument java.logging java.management java.security.sasl java.naming java.rmi java.management.rmi java.net.http java.scripting java.security.jgss java.transaction.xa java.sql java.sql.rowset java.xml.crypto java.se java.smartcardio jdk.accessibility jdk.internal.jvmstat jdk.attach jdk.charsets jdk.internal.opt jdk.zipfs jdk.compiler jdk.crypto.ec jdk.crypto.cryptoki jdk.crypto.mscapi jdk.dynalink jdk.internal.ed jdk.editpad jdk.hotspot.agent jdk.httpserver jdk.internal.le jdk.internal.vm.ci jdk.internal.vm.compiler jdk.internal.vm.compiler.management jdk.jartool jdk.javadoc jdk.jcmd jdk.management jdk.management.agent jdk.jconsole jdk.jdeps jdk.jdwp.agent jdk.jdi jdk.jfr jdk.jshell jdk.jsobject jdk.jstatd jdk.localedata jdk.management.jfr jdk.naming.dns jdk.naming.rmi jdk.net jdk.nio.mapmode jdk.random jdk.sctp jdk.security.auth jdk.security.jgss jdk.unsupported jdk.unsupported.desktop jdk.xml.dom" 

Environment Variables:
JAVA_HOME=C:\Users\DELL\.jdks\ms-21.0.10
PATH=C:\Python314\Scripts\;C:\Python314\;C:\Program Files (x86)\VMware\VMware Workstation\bin\;C:\Windows\system32;C:\Windows;C:\Windows\System32\Wbem;C:\Windows\System32\WindowsPowerShell\v1.0\;C:\Windows\System32\OpenSSH\;C:\Program Files\dotnet\;C:\Program Files (x86)\NVIDIA Corporation\PhysX\Common;C:\Program Files\NVIDIA Corporation\NVIDIA NvDLISR;C:\WINDOWS\system32;C:\WINDOWS;C:\WINDOWS\System32\Wbem;C:\WINDOWS\System32\WindowsPowerShell\v1.0\;C:\WINDOWS\System32\OpenSSH\;C:\Program Files\Microsoft SQL Server\170\Tools\Binn\;C:\WINDOWS\system32;C:\WINDOWS;C:\WINDOWS\System32\Wbem;C:\WINDOWS\System32\WindowsPowerShell\v1.0\;C:\WINDOWS\System32\OpenSSH\;C:\Program Files\Git\cmd;C:\Program Files\nodejs\;C:\ProgramData\chocolatey\bin;C:\Users\DELL\.grok\bin;C:\Users\DELL\.local\bin;C:\Users\DELL\AppData\Local\Programs\Python\Launcher\;C:\Users\DELL\AppData\Local\Microsoft\WindowsApps;D:\apache-maven-3.9.14-bin\apache-maven-3.9.14;C:\Users\DELL\.jdks\ms-21.0.10\bin;C:\Users\DELL\AppData\Local\Programs\Microsoft VS Code\bin;C:\Users\DELL\AppData\Roaming\npm
USERNAME=DELL
OS=Windows_NT
PROCESSOR_IDENTIFIER=Intel64 Family 6 Model 186 Stepping 3, GenuineIntel
TMP=C:\Users\DELL\AppData\Local\Temp
TEMP=C:\Users\DELL\AppData\Local\Temp




Periodic native trim disabled

---------------  S Y S T E M  ---------------

OS:
 Windows 11 , 64 bit Build 26100 (10.0.26100.8328)
OS uptime: 0 days 3:55 hours
Hyper-V role detected

CPU: total 12 (initial active 12) (6 cores per cpu, 2 threads per core) family 6 model 186 stepping 3 microcode 0x6134, cx8, cmov, fxsr, ht, mmx, 3dnowpref, sse, sse2, sse3, ssse3, sse4.1, sse4.2, popcnt, lzcnt, tsc, tscinvbit, avx, avx2, aes, erms, clmul, bmi1, bmi2, adx, sha, fma, vzeroupper, clflush, clflushopt, clwb, hv, serialize, rdtscp, rdpid, fsrm, f16c, cet_ibt, cet_ss
Processor Information for processor 0
  Max Mhz: 1700, Current Mhz: 1457, Mhz Limit: 1700
Processor Information for processor 1
  Max Mhz: 1700, Current Mhz: 1457, Mhz Limit: 1700
Processor Information for processor 2
  Max Mhz: 1700, Current Mhz: 1457, Mhz Limit: 1700
Processor Information for processor 3
  Max Mhz: 1700, Current Mhz: 1457, Mhz Limit: 1700
Processor Information for processor 4
  Max Mhz: 1700, Current Mhz: 1558, Mhz Limit: 1700
Processor Information for processor 5
  Max Mhz: 1700, Current Mhz: 1558, Mhz Limit: 1700
Processor Information for processor 6
  Max Mhz: 1700, Current Mhz: 1558, Mhz Limit: 1700
Processor Information for processor 7
  Max Mhz: 1700, Current Mhz: 1558, Mhz Limit: 1700
Processor Information for processor 8
  Max Mhz: 1700, Current Mhz: 1558, Mhz Limit: 1700
Processor Information for processor 9
  Max Mhz: 1700, Current Mhz: 1558, Mhz Limit: 1700
Processor Information for processor 10
  Max Mhz: 1700, Current Mhz: 1558, Mhz Limit: 1700
Processor Information for processor 11
  Max Mhz: 1700, Current Mhz: 1558, Mhz Limit: 1700

Memory: 4k page, system-wide physical 16068M (3498M free)
TotalPageFile size 16068M (AvailPageFile size 25M)
current process WorkingSet (physical memory assigned to process): 230M, peak: 250M
current process commit charge ("private bytes"): 333M, peak: 361M

vm_info: OpenJDK 64-Bit Server VM (21.0.10+7-LTS) for windows-amd64 JRE (21.0.10+7-LTS), built on 2026-01-20T00:00:00Z by "admin" with MS VC++ 17.12 (VS2022)

END.
