#
# There is insufficient memory for the Java Runtime Environment to continue.
# Native memory allocation (malloc) failed to allocate 91360 bytes. Error detail: Chunk::new
# Possible reasons:
#   The system is out of physical RAM or swap space
#   This process is running with CompressedOops enabled, and the Java Heap may be blocking the growth of the native heap
# Possible solutions:
#   Reduce memory load on the system
#   Increase physical memory or swap space
#   Check if swap backing store is full
#   Decrease Java heap size (-Xmx/-Xms)
#   Decrease number of Java threads
#   Decrease Java thread stack sizes (-Xss)
#   Set larger code cache with -XX:ReservedCodeCacheSize=
#   JVM is running with Unscaled Compressed Oops mode in which the Java heap is
#     placed in the first 4GB address space. The Java Heap base address is the
#     maximum limit for the native heap growth. Please use -XX:HeapBaseMinAddress
#     to set the Java Heap base and to place the Java Heap above 4GB virtual address.
# This output file may be truncated or incomplete.
#
#  Out of Memory Error (arena.cpp:168), pid=15796, tid=14776
#
# JRE version: OpenJDK Runtime Environment Temurin-21.0.10+7 (21.0.10+7) (build 21.0.10+7-LTS)
# Java VM: OpenJDK 64-Bit Server VM Temurin-21.0.10+7 (21.0.10+7-LTS, mixed mode, sharing, tiered, compressed oops, compressed class ptrs, parallel gc, windows-amd64)
# No core dump will be written. Minidumps are not enabled by default on client versions of Windows
#

---------------  S U M M A R Y ------------

Command Line: --add-modules=ALL-SYSTEM --add-opens=java.base/java.util=ALL-UNNAMED --add-opens=java.base/java.lang=ALL-UNNAMED --add-opens=java.base/sun.nio.fs=ALL-UNNAMED -Declipse.application=org.eclipse.jdt.ls.core.id1 -Dosgi.bundles.defaultStartLevel=4 -Declipse.product=org.eclipse.jdt.ls.core.product -Djava.import.generatesMetadataFilesAtProjectRoot=false -DDetectVMInstallationsJob.disabled=true -Dfile.encoding=utf8 -XX:+UseParallelGC -XX:GCTimeRatio=4 -XX:AdaptiveSizePolicyWeight=90 -Dsun.zip.disableMemoryMapping=true -Xmx2G -Xms100m -Xlog:disable -javaagent:c:\Users\DELL\.vscode\extensions\redhat.java-1.54.0-win32-x64\lombok\lombok-1.18.39-4050.jar c:\Users\DELL\.vscode\extensions\redhat.java-1.54.0-win32-x64\server\plugins\org.eclipse.equinox.launcher_1.7.100.v20251111-0406.jar -configuration c:\Users\DELL\AppData\Roaming\Code\User\globalStorage\redhat.java\1.54.0\config_ss_win -data c:\Users\DELL\AppData\Roaming\Code\User\workspaceStorage\bd6f0a1d75c875ec6698c7be3d7456fe\redhat.java\ss_ws --pipe=\\.\pipe\lsp-a1d717b5b19e412d6242e57ea6e04b94-sock

Host: 13th Gen Intel(R) Core(TM) i7-1355U, 12 cores, 15G,  Windows 11 , 64 bit Build 26100 (10.0.26100.8328)
Time: Thu Jun  4 21:32:45 2026 SE Asia Standard Time elapsed time: 16.958120 seconds (0d 0h 0m 16s)

---------------  T H R E A D  ---------------

Current thread (0x00000225b77394f0):  JavaThread "C2 CompilerThread0" daemon [_thread_in_native, id=14776, stack(0x0000004240100000,0x0000004240200000) (1024K)]


Current CompileTask:
C2:16958 3072       4       java.lang.StringLatin1::compareToCI (108 bytes)

Stack: [0x0000004240100000,0x0000004240200000]
Native frames: (J=compiled Java code, j=interpreted, Vv=VM code, C=native code)
V  [jvm.dll+0x6d7a39]
V  [jvm.dll+0x8b4b26]
V  [jvm.dll+0x8b70de]
V  [jvm.dll+0x8b77c3]
V  [jvm.dll+0x284346]
V  [jvm.dll+0xc66ed]
V  [jvm.dll+0xc6c31]
V  [jvm.dll+0x3bec3b]
V  [jvm.dll+0x38b162]
V  [jvm.dll+0x38a5aa]
V  [jvm.dll+0x24c560]
V  [jvm.dll+0x24bb40]
V  [jvm.dll+0x1cb34e]
V  [jvm.dll+0x25b85d]
V  [jvm.dll+0x259dea]
V  [jvm.dll+0x3f857e]
V  [jvm.dll+0x85f59d]
V  [jvm.dll+0x6d626d]
C  [ucrtbase.dll+0x37b0]
C  [KERNEL32.DLL+0x2e957]
C  [ntdll.dll+0x427c]


---------------  P R O C E S S  ---------------

Threads class SMR info:
_java_thread_list=0x00000226173140e0, length=21, elements={
0x00000225b7690860, 0x00000225b77293e0, 0x00000225b772cd80, 0x00000225b7733770,
0x00000225b77341d0, 0x00000225b7735c40, 0x00000225b77366a0, 0x00000225b77394f0,
0x00000225b773b5a0, 0x000002261069e0c0, 0x000002261070c010, 0x0000022611b41e20,
0x0000022611bbfff0, 0x00000226160a9e00, 0x0000022611af2d80, 0x000002261627f6a0,
0x0000022616483c40, 0x00000226119aac90, 0x00000226115d9f80, 0x00000226115daca0,
0x000002261170a960
}

Java Threads: ( => current thread )
  0x00000225b7690860 JavaThread "main"                              [_thread_blocked, id=2960, stack(0x000000423f700000,0x000000423f800000) (1024K)]
  0x00000225b77293e0 JavaThread "Reference Handler"          daemon [_thread_blocked, id=8696, stack(0x000000423fb00000,0x000000423fc00000) (1024K)]
  0x00000225b772cd80 JavaThread "Finalizer"                  daemon [_thread_blocked, id=23240, stack(0x000000423fc00000,0x000000423fd00000) (1024K)]
  0x00000225b7733770 JavaThread "Signal Dispatcher"          daemon [_thread_blocked, id=23168, stack(0x000000423fd00000,0x000000423fe00000) (1024K)]
  0x00000225b77341d0 JavaThread "Attach Listener"            daemon [_thread_blocked, id=2536, stack(0x000000423fe00000,0x000000423ff00000) (1024K)]
  0x00000225b7735c40 JavaThread "Service Thread"             daemon [_thread_blocked, id=11172, stack(0x000000423ff00000,0x0000004240000000) (1024K)]
  0x00000225b77366a0 JavaThread "Monitor Deflation Thread"   daemon [_thread_blocked, id=18788, stack(0x0000004240000000,0x0000004240100000) (1024K)]
=>0x00000225b77394f0 JavaThread "C2 CompilerThread0"         daemon [_thread_in_native, id=14776, stack(0x0000004240100000,0x0000004240200000) (1024K)]
  0x00000225b773b5a0 JavaThread "C1 CompilerThread0"         daemon [_thread_blocked, id=14956, stack(0x0000004240200000,0x0000004240300000) (1024K)]
  0x000002261069e0c0 JavaThread "Common-Cleaner"             daemon [_thread_blocked, id=21100, stack(0x0000004240300000,0x0000004240400000) (1024K)]
  0x000002261070c010 JavaThread "Notification Thread"        daemon [_thread_blocked, id=16636, stack(0x0000004240400000,0x0000004240500000) (1024K)]
  0x0000022611b41e20 JavaThread "Active Thread: Equinox Container: 672c601a-146f-461e-b259-b4c6522c0a22"        [_thread_blocked, id=10364, stack(0x0000004240d00000,0x0000004240e00000) (1024K)]
  0x0000022611bbfff0 JavaThread "Framework Event Dispatcher: Equinox Container: 672c601a-146f-461e-b259-b4c6522c0a22" daemon [_thread_blocked, id=17948, stack(0x0000004240e00000,0x0000004240f00000) (1024K)]
  0x00000226160a9e00 JavaThread "Start Level: Equinox Container: 672c601a-146f-461e-b259-b4c6522c0a22" daemon [_thread_in_vm, id=15252, stack(0x0000004240f00000,0x0000004241000000) (1024K)]
  0x0000022611af2d80 JavaThread "SCR Component Actor"        daemon [_thread_blocked, id=12968, stack(0x0000004240600000,0x0000004240700000) (1024K)]
  0x000002261627f6a0 JavaThread "Worker-JM"                         [_thread_blocked, id=13996, stack(0x0000004240500000,0x0000004240600000) (1024K)]
  0x0000022616483c40 JavaThread "JNA Cleaner"                daemon [_thread_blocked, id=10208, stack(0x0000004241300000,0x0000004241400000) (1024K)]
  0x00000226119aac90 JavaThread "Worker-0"                          [_thread_blocked, id=15992, stack(0x0000004241400000,0x0000004241500000) (1024K)]
  0x00000226115d9f80 JavaThread "Worker-1"                          [_thread_blocked, id=14192, stack(0x0000004241500000,0x0000004241600000) (1024K)]
  0x00000226115daca0 JavaThread "Worker-2"                          [_thread_blocked, id=14548, stack(0x0000004241800000,0x0000004241900000) (1024K)]
  0x000002261170a960 JavaThread "C2 CompilerThread1"         daemon [_thread_in_native, id=13076, stack(0x0000004241600000,0x0000004241700000) (1024K)]
Total: 21

Other Threads:
  0x00000225b7613080 VMThread "VM Thread"                           [id=2072, stack(0x000000423fa00000,0x000000423fb00000) (1024K)]
  0x00000225b750ca00 WatcherThread "VM Periodic Task Thread"        [id=9692, stack(0x000000423f900000,0x000000423fa00000) (1024K)]
  0x00000225b76a7fe0 WorkerThread "GC Thread#0"                     [id=23384, stack(0x000000423f800000,0x000000423f900000) (1024K)]
  0x00000226107a69d0 WorkerThread "GC Thread#1"                     [id=7628, stack(0x0000004240700000,0x0000004240800000) (1024K)]
  0x00000226107a6d80 WorkerThread "GC Thread#2"                     [id=17940, stack(0x0000004240800000,0x0000004240900000) (1024K)]
  0x0000022611913850 WorkerThread "GC Thread#3"                     [id=4672, stack(0x0000004240900000,0x0000004240a00000) (1024K)]
  0x0000022611913c00 WorkerThread "GC Thread#4"                     [id=13536, stack(0x0000004240a00000,0x0000004240b00000) (1024K)]
  0x0000022611ac9ba0 WorkerThread "GC Thread#5"                     [id=3336, stack(0x0000004240b00000,0x0000004240c00000) (1024K)]
  0x0000022611ac9f50 WorkerThread "GC Thread#6"                     [id=17536, stack(0x0000004240c00000,0x0000004240d00000) (1024K)]
  0x0000022611be40b0 WorkerThread "GC Thread#7"                     [id=3972, stack(0x0000004241000000,0x0000004241100000) (1024K)]
  0x0000022611c0ebf0 WorkerThread "GC Thread#8"                     [id=22164, stack(0x0000004241100000,0x0000004241200000) (1024K)]
  0x00000226161e56c0 WorkerThread "GC Thread#9"                     [id=4104, stack(0x0000004241200000,0x0000004241300000) (1024K)]
Total: 12

Threads with active compile tasks:
C2 CompilerThread0  17011 3072       4       java.lang.StringLatin1::compareToCI (108 bytes)
C2 CompilerThread1  17011 3080       4       java.util.TreeMap::put (221 bytes)
Total: 2

VM state: not at safepoint (normal execution)

VM Mutex/Monitor currently owned by a thread: None

Heap address: 0x0000000080000000, size: 2048 MB, Compressed Oops mode: 32-bit

CDS archive(s) mapped at: [0x00000225ce000000-0x00000225ceba0000-0x00000225ceba0000), size 12189696, SharedBaseAddress: 0x00000225ce000000, ArchiveRelocationMode: 1.
Compressed class space mapped at: 0x00000225cf000000-0x000002260f000000, reserved size: 1073741824
Narrow klass base: 0x00000225ce000000, Narrow klass shift: 0, Narrow klass range: 0x100000000

GC Precious Log:
 CardTable entry size: 512
 CPUs: 12 total, 12 available
 Memory: 16068M
 Large Page Support: Disabled
 NUMA Support: Disabled
 Compressed Oops: Enabled (32-bit)
 Alignments: Space 512K, Generation 512K, Heap 2M
 Heap Min Capacity: 100M
 Heap Initial Capacity: 100M
 Heap Max Capacity: 2G
 Pre-touch: Disabled
 Parallel Workers: 10

Heap:
 PSYoungGen      total 27136K, used 12997K [0x00000000d5580000, 0x00000000d7480000, 0x0000000100000000)
  eden space 24576K, 42% used [0x00000000d5580000,0x00000000d5fbd178,0x00000000d6d80000)
  from space 2560K, 98% used [0x00000000d6e80000,0x00000000d70f4658,0x00000000d7100000)
  to   space 3584K, 0% used [0x00000000d7100000,0x00000000d7100000,0x00000000d7480000)
 ParOldGen       total 68608K, used 8888K [0x0000000080000000, 0x0000000084300000, 0x00000000d5580000)
  object space 68608K, 12% used [0x0000000080000000,0x00000000808ae3b0,0x0000000084300000)
 Metaspace       used 24745K, committed 25472K, reserved 1114112K
  class space    used 2395K, committed 2688K, reserved 1048576K

Card table byte_map: [0x00000225b7020000,0x00000225b7430000] _byte_map_base: 0x00000225b6c20000

Marking Bits: (ParMarkBitMap*) 0x00007ffc25483450
 Begin Bits: [0x00000225c9b30000, 0x00000225cbb30000)
 End Bits:   [0x00000225cbb30000, 0x00000225cdb30000)

Polling page: 0x00000225b5460000

Metaspace:

Usage:
  Non-class:     21.83 MB used.
      Class:      2.34 MB used.
       Both:     24.17 MB used.

Virtual space:
  Non-class space:       64.00 MB reserved,      22.25 MB ( 35%) committed,  1 nodes.
      Class space:        1.00 GB reserved,       2.62 MB ( <1%) committed,  1 nodes.
             Both:        1.06 GB reserved,      24.88 MB (  2%) committed. 

Chunk freelists:
   Non-Class:  9.61 MB
       Class:  13.33 MB
        Both:  22.94 MB

MaxMetaspaceSize: unlimited
CompressedClassSpaceSize: 1.00 GB
Initial GC threshold: 21.00 MB
Current GC threshold: 35.00 MB
CDS: on
 - commit_granule_bytes: 65536.
 - commit_granule_words: 8192.
 - virtual_space_node_default_size: 8388608.
 - enlarge_chunks_in_place: 1.
 - use_allocation_guard: 0.


Internal statistics:

num_allocs_failed_limit: 3.
num_arena_births: 524.
num_arena_deaths: 14.
num_vsnodes_births: 2.
num_vsnodes_deaths: 0.
num_space_committed: 398.
num_space_uncommitted: 0.
num_chunks_returned_to_freelist: 17.
num_chunks_taken_from_freelist: 1451.
num_chunk_merges: 9.
num_chunk_splits: 944.
num_chunks_enlarged: 607.
num_inconsistent_stats: 0.

CodeHeap 'non-profiled nmethods': size=120000Kb used=1472Kb max_used=1472Kb free=118527Kb
 bounds [0x00000225c2350000, 0x00000225c25c0000, 0x00000225c9880000]
CodeHeap 'profiled nmethods': size=120000Kb used=6035Kb max_used=6035Kb free=113964Kb
 bounds [0x00000225ba880000, 0x00000225bae70000, 0x00000225c1db0000]
CodeHeap 'non-nmethods': size=5760Kb used=1325Kb max_used=1362Kb free=4434Kb
 bounds [0x00000225c1db0000, 0x00000225c2020000, 0x00000225c2350000]
CodeCache: size=245760Kb, used=8832Kb, max_used=8869Kb, free=236925Kb
 total_blobs=3696, nmethods=3083, adapters=519, full_count=0
Compilation: enabled, stopped_count=0, restarted_count=0

Compilation events (20 events):
Event: 14.926 Thread 0x00000225b773b5a0 nmethod 3061 0x00000225bae5f890 code [0x00000225bae5fa40, 0x00000225bae5fb80]
Event: 14.926 Thread 0x00000225b773b5a0 3062       3       java.lang.String$CaseInsensitiveComparator::compare (13 bytes)
Event: 14.926 Thread 0x00000225b773b5a0 nmethod 3062 0x00000225bae5fc10 code [0x00000225bae5fdc0, 0x00000225bae600e8]
Event: 14.926 Thread 0x00000225b773b5a0 3069       3       java.util.TreeMap::putIfAbsent (8 bytes)
Event: 14.927 Thread 0x00000225b773b5a0 nmethod 3069 0x00000225bae60210 code [0x00000225bae603c0, 0x00000225bae60500]
Event: 14.927 Thread 0x00000225b773b5a0 3070       3       java.util.TreeMap::rotateLeft (96 bytes)
Event: 14.927 Thread 0x00000225b773b5a0 nmethod 3070 0x00000225bae60590 code [0x00000225bae60740, 0x00000225bae60a30]
Event: 14.927 Thread 0x00000225b773b5a0 3064       2       java.lang.String$CaseInsensitiveComparator::compare (68 bytes)
Event: 14.927 Thread 0x00000225b77394f0 3072       4       java.lang.StringLatin1::compareToCI (108 bytes)
Event: 14.927 Thread 0x00000225b773b5a0 nmethod 3064 0x00000225bae60b90 code [0x00000225bae60d80, 0x00000225bae60fc8]
Event: 14.928 Thread 0x00000225b773b5a0 3073       3       java.util.TreeMap::rotateRight (96 bytes)
Event: 14.928 Thread 0x00000225b773b5a0 nmethod 3073 0x00000225bae61110 code [0x00000225bae612c0, 0x00000225bae615b0]
Event: 14.934 Thread 0x00000225b773b5a0 3075   !   3       sun.nio.cs.ext.AbstractCharsetProvider::charset (84 bytes)
Event: 14.935 Thread 0x00000225b773b5a0 nmethod 3075 0x00000225bae61710 code [0x00000225bae61920, 0x00000225bae61f40]
Event: 14.935 Thread 0x00000225b773b5a0 3076       3       java.util.TreeMap::clear (21 bytes)
Event: 14.936 Thread 0x00000225b773b5a0 nmethod 3076 0x00000225bae62290 code [0x00000225bae62420, 0x00000225bae62558]
Event: 15.475 Thread 0x00000225b773b5a0 3077       3       java.lang.Thread::isVirtual (5 bytes)
Event: 15.476 Thread 0x00000225b773b5a0 nmethod 3077 0x00000225bae62610 code [0x00000225bae627c0, 0x00000225bae629c8]
Event: 16.547 Thread 0x00000225b773b5a0 3078       3       jdk.internal.misc.Unsafe::weakCompareAndSetReference (11 bytes)
Event: 16.547 Thread 0x00000225b773b5a0 nmethod 3078 0x00000225bae62a90 code [0x00000225bae62c20, 0x00000225bae62d60]

GC Heap History (16 events):
Event: 3.112 GC heap before
{Heap before GC invocations=1 (full 0):
 PSYoungGen      total 29696K, used 25600K [0x00000000d5580000, 0x00000000d7680000, 0x0000000100000000)
  eden space 25600K, 100% used [0x00000000d5580000,0x00000000d6e80000,0x00000000d6e80000)
  from space 4096K, 0% used [0x00000000d7280000,0x00000000d7280000,0x00000000d7680000)
  to   space 4096K, 0% used [0x00000000d6e80000,0x00000000d6e80000,0x00000000d7280000)
 ParOldGen       total 68608K, used 0K [0x0000000080000000, 0x0000000084300000, 0x00000000d5580000)
  object space 68608K, 0% used [0x0000000080000000,0x0000000080000000,0x0000000084300000)
 Metaspace       used 4356K, committed 4608K, reserved 1114112K
  class space    used 474K, committed 576K, reserved 1048576K
}
Event: 3.126 GC heap after
{Heap after GC invocations=1 (full 0):
 PSYoungGen      total 29696K, used 3303K [0x00000000d5580000, 0x00000000d7680000, 0x0000000100000000)
  eden space 25600K, 0% used [0x00000000d5580000,0x00000000d5580000,0x00000000d6e80000)
  from space 4096K, 80% used [0x00000000d6e80000,0x00000000d71b9e98,0x00000000d7280000)
  to   space 4096K, 0% used [0x00000000d7280000,0x00000000d7280000,0x00000000d7680000)
 ParOldGen       total 68608K, used 16K [0x0000000080000000, 0x0000000084300000, 0x00000000d5580000)
  object space 68608K, 0% used [0x0000000080000000,0x0000000080004000,0x0000000084300000)
 Metaspace       used 4356K, committed 4608K, reserved 1114112K
  class space    used 474K, committed 576K, reserved 1048576K
}
Event: 4.655 GC heap before
{Heap before GC invocations=2 (full 0):
 PSYoungGen      total 29696K, used 28903K [0x00000000d5580000, 0x00000000d7680000, 0x0000000100000000)
  eden space 25600K, 100% used [0x00000000d5580000,0x00000000d6e80000,0x00000000d6e80000)
  from space 4096K, 80% used [0x00000000d6e80000,0x00000000d71b9e98,0x00000000d7280000)
  to   space 4096K, 0% used [0x00000000d7280000,0x00000000d7280000,0x00000000d7680000)
 ParOldGen       total 68608K, used 16K [0x0000000080000000, 0x0000000084300000, 0x00000000d5580000)
  object space 68608K, 0% used [0x0000000080000000,0x0000000080004000,0x0000000084300000)
 Metaspace       used 8156K, committed 8448K, reserved 1114112K
  class space    used 864K, committed 960K, reserved 1048576K
}
Event: 4.667 GC heap after
{Heap after GC invocations=2 (full 0):
 PSYoungGen      total 29696K, used 4091K [0x00000000d5580000, 0x00000000d7680000, 0x0000000100000000)
  eden space 25600K, 0% used [0x00000000d5580000,0x00000000d5580000,0x00000000d6e80000)
  from space 4096K, 99% used [0x00000000d7280000,0x00000000d767efe8,0x00000000d7680000)
  to   space 4096K, 0% used [0x00000000d6e80000,0x00000000d6e80000,0x00000000d7280000)
 ParOldGen       total 68608K, used 1139K [0x0000000080000000, 0x0000000084300000, 0x00000000d5580000)
  object space 68608K, 1% used [0x0000000080000000,0x000000008011ce70,0x0000000084300000)
 Metaspace       used 8156K, committed 8448K, reserved 1114112K
  class space    used 864K, committed 960K, reserved 1048576K
}
Event: 6.149 GC heap before
{Heap before GC invocations=3 (full 0):
 PSYoungGen      total 29696K, used 29691K [0x00000000d5580000, 0x00000000d7680000, 0x0000000100000000)
  eden space 25600K, 100% used [0x00000000d5580000,0x00000000d6e80000,0x00000000d6e80000)
  from space 4096K, 99% used [0x00000000d7280000,0x00000000d767efe8,0x00000000d7680000)
  to   space 4096K, 0% used [0x00000000d6e80000,0x00000000d6e80000,0x00000000d7280000)
 ParOldGen       total 68608K, used 1139K [0x0000000080000000, 0x0000000084300000, 0x00000000d5580000)
  object space 68608K, 1% used [0x0000000080000000,0x000000008011ce70,0x0000000084300000)
 Metaspace       used 12984K, committed 13504K, reserved 1114112K
  class space    used 1372K, committed 1600K, reserved 1048576K
}
Event: 6.159 GC heap after
{Heap after GC invocations=3 (full 0):
 PSYoungGen      total 29696K, used 4082K [0x00000000d5580000, 0x00000000d7680000, 0x0000000100000000)
  eden space 25600K, 0% used [0x00000000d5580000,0x00000000d5580000,0x00000000d6e80000)
  from space 4096K, 99% used [0x00000000d6e80000,0x00000000d727c860,0x00000000d7280000)
  to   space 4096K, 0% used [0x00000000d7280000,0x00000000d7280000,0x00000000d7680000)
 ParOldGen       total 68608K, used 2897K [0x0000000080000000, 0x0000000084300000, 0x00000000d5580000)
  object space 68608K, 4% used [0x0000000080000000,0x00000000802d4798,0x0000000084300000)
 Metaspace       used 12984K, committed 13504K, reserved 1114112K
  class space    used 1372K, committed 1600K, reserved 1048576K
}
Event: 7.879 GC heap before
{Heap before GC invocations=4 (full 0):
 PSYoungGen      total 29696K, used 29682K [0x00000000d5580000, 0x00000000d7680000, 0x0000000100000000)
  eden space 25600K, 100% used [0x00000000d5580000,0x00000000d6e80000,0x00000000d6e80000)
  from space 4096K, 99% used [0x00000000d6e80000,0x00000000d727c860,0x00000000d7280000)
  to   space 4096K, 0% used [0x00000000d7280000,0x00000000d7280000,0x00000000d7680000)
 ParOldGen       total 68608K, used 2897K [0x0000000080000000, 0x0000000084300000, 0x00000000d5580000)
  object space 68608K, 4% used [0x0000000080000000,0x00000000802d4798,0x0000000084300000)
 Metaspace       used 17107K, committed 17728K, reserved 1114112K
  class space    used 1796K, committed 2048K, reserved 1048576K
}
Event: 7.889 GC heap after
{Heap after GC invocations=4 (full 0):
 PSYoungGen      total 29696K, used 4072K [0x00000000d5580000, 0x00000000d7680000, 0x0000000100000000)
  eden space 25600K, 0% used [0x00000000d5580000,0x00000000d5580000,0x00000000d6e80000)
  from space 4096K, 99% used [0x00000000d7280000,0x00000000d767a0d0,0x00000000d7680000)
  to   space 4096K, 0% used [0x00000000d6e80000,0x00000000d6e80000,0x00000000d7280000)
 ParOldGen       total 68608K, used 4676K [0x0000000080000000, 0x0000000084300000, 0x00000000d5580000)
  object space 68608K, 6% used [0x0000000080000000,0x0000000080491198,0x0000000084300000)
 Metaspace       used 17107K, committed 17728K, reserved 1114112K
  class space    used 1796K, committed 2048K, reserved 1048576K
}
Event: 8.464 GC heap before
{Heap before GC invocations=5 (full 0):
 PSYoungGen      total 29696K, used 29672K [0x00000000d5580000, 0x00000000d7680000, 0x0000000100000000)
  eden space 25600K, 100% used [0x00000000d5580000,0x00000000d6e80000,0x00000000d6e80000)
  from space 4096K, 99% used [0x00000000d7280000,0x00000000d767a0d0,0x00000000d7680000)
  to   space 4096K, 0% used [0x00000000d6e80000,0x00000000d6e80000,0x00000000d7280000)
 ParOldGen       total 68608K, used 4676K [0x0000000080000000, 0x0000000084300000, 0x00000000d5580000)
  object space 68608K, 6% used [0x0000000080000000,0x0000000080491198,0x0000000084300000)
 Metaspace       used 20351K, committed 20992K, reserved 1114112K
  class space    used 2015K, committed 2304K, reserved 1048576K
}
Event: 8.471 GC heap after
{Heap after GC invocations=5 (full 0):
 PSYoungGen      total 29184K, used 4075K [0x00000000d5580000, 0x00000000d7800000, 0x0000000100000000)
  eden space 25088K, 0% used [0x00000000d5580000,0x00000000d5580000,0x00000000d6e00000)
  from space 4096K, 99% used [0x00000000d6e80000,0x00000000d727af40,0x00000000d7280000)
  to   space 5120K, 0% used [0x00000000d7300000,0x00000000d7300000,0x00000000d7800000)
 ParOldGen       total 68608K, used 5188K [0x0000000080000000, 0x0000000084300000, 0x00000000d5580000)
  object space 68608K, 7% used [0x0000000080000000,0x0000000080511070,0x0000000084300000)
 Metaspace       used 20351K, committed 20992K, reserved 1114112K
  class space    used 2015K, committed 2304K, reserved 1048576K
}
Event: 8.571 GC heap before
{Heap before GC invocations=6 (full 0):
 PSYoungGen      total 29184K, used 9933K [0x00000000d5580000, 0x00000000d7800000, 0x0000000100000000)
  eden space 25088K, 23% used [0x00000000d5580000,0x00000000d5b38548,0x00000000d6e00000)
  from space 4096K, 99% used [0x00000000d6e80000,0x00000000d727af40,0x00000000d7280000)
  to   space 5120K, 0% used [0x00000000d7300000,0x00000000d7300000,0x00000000d7800000)
 ParOldGen       total 68608K, used 5188K [0x0000000080000000, 0x0000000084300000, 0x00000000d5580000)
  object space 68608K, 7% used [0x0000000080000000,0x0000000080511070,0x0000000084300000)
 Metaspace       used 20942K, committed 21504K, reserved 1114112K
  class space    used 2053K, committed 2304K, reserved 1048576K
}
Event: 8.581 GC heap after
{Heap after GC invocations=6 (full 0):
 PSYoungGen      total 29696K, used 4449K [0x00000000d5580000, 0x00000000d7780000, 0x0000000100000000)
  eden space 25088K, 0% used [0x00000000d5580000,0x00000000d5580000,0x00000000d6e00000)
  from space 4608K, 96% used [0x00000000d7300000,0x00000000d7758508,0x00000000d7780000)
  to   space 4608K, 0% used [0x00000000d6e80000,0x00000000d6e80000,0x00000000d7300000)
 ParOldGen       total 68608K, used 5188K [0x0000000080000000, 0x0000000084300000, 0x00000000d5580000)
  object space 68608K, 7% used [0x0000000080000000,0x0000000080511070,0x0000000084300000)
 Metaspace       used 20942K, committed 21504K, reserved 1114112K
  class space    used 2053K, committed 2304K, reserved 1048576K
}
Event: 8.581 GC heap before
{Heap before GC invocations=7 (full 1):
 PSYoungGen      total 29696K, used 4449K [0x00000000d5580000, 0x00000000d7780000, 0x0000000100000000)
  eden space 25088K, 0% used [0x00000000d5580000,0x00000000d5580000,0x00000000d6e00000)
  from space 4608K, 96% used [0x00000000d7300000,0x00000000d7758508,0x00000000d7780000)
  to   space 4608K, 0% used [0x00000000d6e80000,0x00000000d6e80000,0x00000000d7300000)
 ParOldGen       total 68608K, used 5188K [0x0000000080000000, 0x0000000084300000, 0x00000000d5580000)
  object space 68608K, 7% used [0x0000000080000000,0x0000000080511070,0x0000000084300000)
 Metaspace       used 20942K, committed 21504K, reserved 1114112K
  class space    used 2053K, committed 2304K, reserved 1048576K
}
Event: 8.631 GC heap after
{Heap after GC invocations=7 (full 1):
 PSYoungGen      total 29696K, used 0K [0x00000000d5580000, 0x00000000d7780000, 0x0000000100000000)
  eden space 25088K, 0% used [0x00000000d5580000,0x00000000d5580000,0x00000000d6e00000)
  from space 4608K, 0% used [0x00000000d7300000,0x00000000d7300000,0x00000000d7780000)
  to   space 4608K, 0% used [0x00000000d6e80000,0x00000000d6e80000,0x00000000d7300000)
 ParOldGen       total 68608K, used 8880K [0x0000000080000000, 0x0000000084300000, 0x00000000d5580000)
  object space 68608K, 12% used [0x0000000080000000,0x00000000808ac3b0,0x0000000084300000)
 Metaspace       used 20929K, committed 21504K, reserved 1114112K
  class space    used 2049K, committed 2304K, reserved 1048576K
}
Event: 10.417 GC heap before
{Heap before GC invocations=8 (full 1):
 PSYoungGen      total 29696K, used 25088K [0x00000000d5580000, 0x00000000d7780000, 0x0000000100000000)
  eden space 25088K, 100% used [0x00000000d5580000,0x00000000d6e00000,0x00000000d6e00000)
  from space 4608K, 0% used [0x00000000d7300000,0x00000000d7300000,0x00000000d7780000)
  to   space 4608K, 0% used [0x00000000d6e80000,0x00000000d6e80000,0x00000000d7300000)
 ParOldGen       total 68608K, used 8880K [0x0000000080000000, 0x0000000084300000, 0x00000000d5580000)
  object space 68608K, 12% used [0x0000000080000000,0x00000000808ac3b0,0x0000000084300000)
 Metaspace       used 22999K, committed 23680K, reserved 1114112K
  class space    used 2227K, committed 2496K, reserved 1048576K
}
Event: 10.423 GC heap after
{Heap after GC invocations=8 (full 1):
 PSYoungGen      total 27136K, used 2513K [0x00000000d5580000, 0x00000000d7480000, 0x0000000100000000)
  eden space 24576K, 0% used [0x00000000d5580000,0x00000000d5580000,0x00000000d6d80000)
  from space 2560K, 98% used [0x00000000d6e80000,0x00000000d70f4658,0x00000000d7100000)
  to   space 3584K, 0% used [0x00000000d7100000,0x00000000d7100000,0x00000000d7480000)
 ParOldGen       total 68608K, used 8888K [0x0000000080000000, 0x0000000084300000, 0x00000000d5580000)
  object space 68608K, 12% used [0x0000000080000000,0x00000000808ae3b0,0x0000000084300000)
 Metaspace       used 22999K, committed 23680K, reserved 1114112K
  class space    used 2227K, committed 2496K, reserved 1048576K
}

Dll operation events (10 events):
Event: 0.059 Loaded shared library c:\Users\DELL\.vscode\extensions\redhat.java-1.54.0-win32-x64\jre\21.0.10-win32-x86_64\bin\java.dll
Event: 0.624 Loaded shared library c:\Users\DELL\.vscode\extensions\redhat.java-1.54.0-win32-x64\jre\21.0.10-win32-x86_64\bin\zip.dll
Event: 0.697 Loaded shared library C:\Users\DELL\.vscode\extensions\redhat.java-1.54.0-win32-x64\jre\21.0.10-win32-x86_64\bin\instrument.dll
Event: 0.720 Loaded shared library C:\Users\DELL\.vscode\extensions\redhat.java-1.54.0-win32-x64\jre\21.0.10-win32-x86_64\bin\net.dll
Event: 0.779 Loaded shared library C:\Users\DELL\.vscode\extensions\redhat.java-1.54.0-win32-x64\jre\21.0.10-win32-x86_64\bin\nio.dll
Event: 0.792 Loaded shared library C:\Users\DELL\.vscode\extensions\redhat.java-1.54.0-win32-x64\jre\21.0.10-win32-x86_64\bin\zip.dll
Event: 1.157 Loaded shared library C:\Users\DELL\.vscode\extensions\redhat.java-1.54.0-win32-x64\jre\21.0.10-win32-x86_64\bin\jimage.dll
Event: 1.481 Loaded shared library c:\Users\DELL\.vscode\extensions\redhat.java-1.54.0-win32-x64\jre\21.0.10-win32-x86_64\bin\verify.dll
Event: 4.597 Loaded shared library C:\Users\DELL\AppData\Roaming\Code\User\globalStorage\redhat.java\1.54.0\config_ss_win\org.eclipse.equinox.launcher\org.eclipse.equinox.launcher.win32.win32.x86_64_1.3.0.v20260203-2149\eclipse_11919.dll
Event: 7.358 Loaded shared library C:\Users\DELL\AppData\Local\Temp\jna-2094529\jna17593808273527966081.dll

Deoptimization events (20 events):
Event: 10.580 Thread 0x00000226160a9e00 Uncommon trap: trap_request=0xffffffc6 fr.pc=0x00000225c2406278 relative=0x0000000000000a98
Event: 10.580 Thread 0x00000226160a9e00 Uncommon trap: reason=bimorphic_or_optimized_type_check action=maybe_recompile pc=0x00000225c2406278 method=java.util.HashMap.putVal(ILjava/lang/Object;Ljava/lang/Object;ZZ)Ljava/lang/Object; @ 56 c2
Event: 10.580 Thread 0x00000226160a9e00 DEOPT PACKING pc=0x00000225c2406278 sp=0x0000004240ffdb10
Event: 10.580 Thread 0x00000226160a9e00 DEOPT UNPACKING pc=0x00000225c1e03aa2 sp=0x0000004240ffda10 mode 2
Event: 10.580 Thread 0x00000226160a9e00 Uncommon trap: trap_request=0xffffffc6 fr.pc=0x00000225c2406278 relative=0x0000000000000a98
Event: 10.580 Thread 0x00000226160a9e00 Uncommon trap: reason=bimorphic_or_optimized_type_check action=maybe_recompile pc=0x00000225c2406278 method=java.util.HashMap.putVal(ILjava/lang/Object;Ljava/lang/Object;ZZ)Ljava/lang/Object; @ 56 c2
Event: 10.580 Thread 0x00000226160a9e00 DEOPT PACKING pc=0x00000225c2406278 sp=0x0000004240ffdb10
Event: 10.580 Thread 0x00000226160a9e00 DEOPT UNPACKING pc=0x00000225c1e03aa2 sp=0x0000004240ffda10 mode 2
Event: 10.580 Thread 0x00000226160a9e00 Uncommon trap: trap_request=0xffffffc6 fr.pc=0x00000225c24062c8 relative=0x0000000000000ae8
Event: 10.580 Thread 0x00000226160a9e00 Uncommon trap: reason=bimorphic_or_optimized_type_check action=maybe_recompile pc=0x00000225c24062c8 method=java.util.HashMap.putVal(ILjava/lang/Object;Ljava/lang/Object;ZZ)Ljava/lang/Object; @ 152 c2
Event: 10.580 Thread 0x00000226160a9e00 DEOPT PACKING pc=0x00000225c24062c8 sp=0x0000004240ffdb10
Event: 10.580 Thread 0x00000226160a9e00 DEOPT UNPACKING pc=0x00000225c1e03aa2 sp=0x0000004240ffda18 mode 2
Event: 10.580 Thread 0x00000226160a9e00 Uncommon trap: trap_request=0xffffffc6 fr.pc=0x00000225c2406278 relative=0x0000000000000a98
Event: 10.580 Thread 0x00000226160a9e00 Uncommon trap: reason=bimorphic_or_optimized_type_check action=maybe_recompile pc=0x00000225c2406278 method=java.util.HashMap.putVal(ILjava/lang/Object;Ljava/lang/Object;ZZ)Ljava/lang/Object; @ 56 c2
Event: 10.580 Thread 0x00000226160a9e00 DEOPT PACKING pc=0x00000225c2406278 sp=0x0000004240ffdb10
Event: 10.580 Thread 0x00000226160a9e00 DEOPT UNPACKING pc=0x00000225c1e03aa2 sp=0x0000004240ffda10 mode 2
Event: 10.612 Thread 0x00000226160a9e00 Uncommon trap: trap_request=0xffffff45 fr.pc=0x00000225c24a1dac relative=0x0000000000000a8c
Event: 10.612 Thread 0x00000226160a9e00 Uncommon trap: reason=unstable_if action=reinterpret pc=0x00000225c24a1dac method=java.util.regex.Pattern$BmpCharPropertyGreedy.match(Ljava/util/regex/Matcher;ILjava/lang/CharSequence;)Z @ 12 c2
Event: 10.612 Thread 0x00000226160a9e00 DEOPT PACKING pc=0x00000225c24a1dac sp=0x0000004240ffd6a0
Event: 10.612 Thread 0x00000226160a9e00 DEOPT UNPACKING pc=0x00000225c1e03aa2 sp=0x0000004240ffd588 mode 2

Classes loaded (20 events):
Event: 12.892 Loading class com/sun/org/apache/xml/internal/serializer/ToStream$BoolStack
Event: 12.892 Loading class com/sun/org/apache/xml/internal/serializer/ToStream$BoolStack done
Event: 12.892 Loading class com/sun/org/apache/xml/internal/serializer/EncodingInfo
Event: 12.892 Loading class com/sun/org/apache/xml/internal/serializer/EncodingInfo done
Event: 12.892 Loading class com/sun/org/apache/xml/internal/serializer/ToStream$CharacterBuffer
Event: 12.893 Loading class com/sun/org/apache/xml/internal/serializer/ToStream$CharacterBuffer done
Event: 12.893 Loading class com/sun/org/apache/xml/internal/serializer/Encodings
Event: 12.893 Loading class com/sun/org/apache/xml/internal/serializer/Encodings done
Event: 12.893 Loading class com/sun/org/apache/xml/internal/serializer/Encodings$EncodingInfos
Event: 12.893 Loading class com/sun/org/apache/xml/internal/serializer/Encodings$EncodingInfos done
Event: 12.895 Loading class java/nio/charset/Charset$ExtendedProviderHolder
Event: 12.895 Loading class java/nio/charset/Charset$ExtendedProviderHolder done
Event: 12.895 Loading class java/nio/charset/Charset$ExtendedProviderHolder$1
Event: 12.895 Loading class java/nio/charset/Charset$ExtendedProviderHolder$1 done
Event: 14.931 Loading class java/nio/charset/Charset$ThreadTrackHolder
Event: 14.931 Loading class java/nio/charset/Charset$ThreadTrackHolder done
Event: 14.932 Loading class java/nio/charset/Charset$2
Event: 14.932 Loading class java/nio/charset/Charset$2 done
Event: 14.932 Loading class java/nio/charset/Charset$1
Event: 14.932 Loading class java/nio/charset/Charset$1 done

Classes unloaded (7 events):
Event: 8.591 Thread 0x00000225b7613080 Unloading class 0x00000225cf18d400 'java/lang/invoke/LambdaForm$MH+0x00000225cf18d400'
Event: 8.591 Thread 0x00000225b7613080 Unloading class 0x00000225cf18d000 'java/lang/invoke/LambdaForm$MH+0x00000225cf18d000'
Event: 8.591 Thread 0x00000225b7613080 Unloading class 0x00000225cf18cc00 'java/lang/invoke/LambdaForm$MH+0x00000225cf18cc00'
Event: 8.591 Thread 0x00000225b7613080 Unloading class 0x00000225cf18c800 'java/lang/invoke/LambdaForm$MH+0x00000225cf18c800'
Event: 8.591 Thread 0x00000225b7613080 Unloading class 0x00000225cf18c400 'java/lang/invoke/LambdaForm$BMH+0x00000225cf18c400'
Event: 8.591 Thread 0x00000225b7613080 Unloading class 0x00000225cf18c000 'java/lang/invoke/LambdaForm$DMH+0x00000225cf18c000'
Event: 8.591 Thread 0x00000225b7613080 Unloading class 0x00000225cf18ac00 'java/lang/invoke/LambdaForm$DMH+0x00000225cf18ac00'

Classes redefined (0 events):
No events

Internal exceptions (20 events):
Event: 7.638 Thread 0x00000226160a9e00 Exception <a 'java/lang/IncompatibleClassChangeError'{0x00000000d674c270}: Found class java.lang.Object, but interface was expected> (0x00000000d674c270) 
thrown [s\src\hotspot\share\interpreter\linkResolver.cpp, line 840]
Event: 7.647 Thread 0x00000226160a9e00 Exception <a 'java/lang/NoSuchMethodError'{0x00000000d675f238}: 'java.lang.Object java.lang.invoke.DirectMethodHandle$Holder.invokeSpecial(java.lang.Object, java.lang.Object, java.lang.Object, int, java.lang.Object, java.lang.Object)'> (0x00000000d675f238) 
thrown [s\src\hotspot\share\interpreter\linkResolver.cpp, line 773]
Event: 7.649 Thread 0x00000226160a9e00 Exception <a 'java/lang/NoSuchMethodError'{0x00000000d6766d10}: 'java.lang.Object java.lang.invoke.DirectMethodHandle$Holder.newInvokeSpecial(java.lang.Object, java.lang.Object, java.lang.Object, int, java.lang.Object)'> (0x00000000d6766d10) 
thrown [s\src\hotspot\share\interpreter\linkResolver.cpp, line 773]
Event: 7.650 Thread 0x00000226160a9e00 Exception <a 'java/lang/NoSuchMethodError'{0x00000000d676ac90}: 'java.lang.Object java.lang.invoke.DirectMethodHandle$Holder.invokeSpecial(java.lang.Object, java.lang.Object, java.lang.Object, java.lang.Object, int, java.lang.Object)'> (0x00000000d676ac90) 
thrown [s\src\hotspot\share\interpreter\linkResolver.cpp, line 773]
Event: 7.650 Thread 0x00000226160a9e00 Exception <a 'java/lang/NoSuchMethodError'{0x00000000d676e7d0}: 'java.lang.Object java.lang.invoke.Invokers$Holder.linkToTargetMethod(java.lang.Object, java.lang.Object, int, java.lang.Object, java.lang.Object)'> (0x00000000d676e7d0) 
thrown [s\src\hotspot\share\interpreter\linkResolver.cpp, line 773]
Event: 7.652 Thread 0x00000226119aac90 Exception <a 'java/lang/NoSuchMethodError'{0x00000000d6687490}: 'java.lang.Object java.lang.invoke.DirectMethodHandle$Holder.invokeSpecial(java.lang.Object, java.lang.Object, int, java.lang.Object, java.lang.Object)'> (0x00000000d6687490) 
thrown [s\src\hotspot\share\interpreter\linkResolver.cpp, line 773]
Event: 7.654 Thread 0x00000226119aac90 Exception <a 'java/lang/NoSuchMethodError'{0x00000000d668e1c8}: 'java.lang.Object java.lang.invoke.DirectMethodHandle$Holder.newInvokeSpecial(java.lang.Object, java.lang.Object, int, java.lang.Object)'> (0x00000000d668e1c8) 
thrown [s\src\hotspot\share\interpreter\linkResolver.cpp, line 773]
Event: 7.655 Thread 0x00000226119aac90 Exception <a 'java/lang/NoSuchMethodError'{0x00000000d6691aa8}: 'java.lang.Object java.lang.invoke.DirectMethodHandle$Holder.invokeSpecial(java.lang.Object, java.lang.Object, java.lang.Object, int, java.lang.Object)'> (0x00000000d6691aa8) 
thrown [s\src\hotspot\share\interpreter\linkResolver.cpp, line 773]
Event: 7.689 Thread 0x00000226160a9e00 Exception <a 'java/lang/NoSuchMethodError'{0x00000000d688d478}: 'void java.lang.invoke.DirectMethodHandle$Holder.invokeSpecial(java.lang.Object, java.lang.Object, java.lang.Object, java.lang.Object, java.lang.Object)'> (0x00000000d688d478) 
thrown [s\src\hotspot\share\interpreter\linkResolver.cpp, line 773]
Event: 7.753 Thread 0x00000226160a9e00 Exception <a 'java/lang/NoSuchMethodError'{0x00000000d6a9fcb8}: 'double java.lang.invoke.DirectMethodHandle$Holder.invokeStatic(java.lang.Object, java.lang.Object)'> (0x00000000d6a9fcb8) 
thrown [s\src\hotspot\share\interpreter\linkResolver.cpp, line 773]
Event: 7.754 Thread 0x00000226160a9e00 Exception <a 'java/lang/NoSuchMethodError'{0x00000000d6aa3378}: 'double java.lang.invoke.DirectMethodHandle$Holder.invokeStaticInit(java.lang.Object, java.lang.Object)'> (0x00000000d6aa3378) 
thrown [s\src\hotspot\share\interpreter\linkResolver.cpp, line 773]
Event: 8.459 Thread 0x00000226160a9e00 Implicit null exception at 0x00000225c2483875 to 0x00000225c2483950
Event: 8.821 Thread 0x00000226160a9e00 Exception <a 'java/io/FileNotFoundException'{0x00000000d63f8910}> (0x00000000d63f8910) 
thrown [s\src\hotspot\share\prims\jni.cpp, line 520]
Event: 8.822 Thread 0x00000226160a9e00 Exception <a 'java/io/FileNotFoundException'{0x00000000d63f9908}> (0x00000000d63f9908) 
thrown [s\src\hotspot\share\prims\jni.cpp, line 520]
Event: 10.287 Thread 0x00000226160a9e00 Exception <a 'java/lang/ClassNotFoundException'{0x00000000d6c5f6f8}: com/sun/org/apache/xerces/internal/impl/msg/spi/DOMMessagesProvider> (0x00000000d6c5f6f8) 
thrown [s\src\hotspot\share\classfile\systemDictionary.cpp, line 312]
Event: 10.295 Thread 0x00000226160a9e00 Exception <a 'java/lang/ClassNotFoundException'{0x00000000d6c7a750}: com/sun/org/apache/xerces/internal/impl/msg/spi/XMLSerializerMessagesProvider> (0x00000000d6c7a750) 
thrown [s\src\hotspot\share\classfile\systemDictionary.cpp, line 312]
Event: 10.299 Thread 0x00000226160a9e00 Exception <a 'java/lang/ClassNotFoundException'{0x00000000d6c87a70}: com/sun/org/apache/xerces/internal/impl/msg/spi/XMLMessagesProvider> (0x00000000d6c87a70) 
thrown [s\src\hotspot\share\classfile\systemDictionary.cpp, line 312]
Event: 10.464 Thread 0x00000226160a9e00 Exception <a 'java/lang/NoSuchMethodError'{0x00000000d5659120}: 'java.lang.Object java.lang.invoke.DirectMethodHandle$Holder.newInvokeSpecial(java.lang.Object, int, java.lang.Object, java.lang.Object)'> (0x00000000d5659120) 
thrown [s\src\hotspot\share\interpreter\linkResolver.cpp, line 773]
Event: 10.601 Thread 0x00000226160a9e00 Exception <a 'sun/nio/fs/WindowsException'{0x00000000d5871ab8}> (0x00000000d5871ab8) 
thrown [s\src\hotspot\share\prims\jni.cpp, line 520]
Event: 12.888 Thread 0x00000226160a9e00 Exception <a 'java/lang/ClassNotFoundException'{0x00000000d5e4a770}: com/sun/org/apache/xml/internal/serializer/spi/XMLEntitiesProvider> (0x00000000d5e4a770) 
thrown [s\src\hotspot\share\classfile\systemDictionary.cpp, line 312]

ZGC Phase Switch (0 events):
No events

VM Operations (20 events):
Event: 8.463 Executing safepoint VM operation: ParallelGCFailedAllocation (Allocation Failure)
Event: 8.471 Executing safepoint VM operation: ParallelGCFailedAllocation (Allocation Failure) done
Event: 8.571 Executing safepoint VM operation: CollectForMetadataAllocation (Metadata GC Threshold)
Event: 8.631 Executing safepoint VM operation: CollectForMetadataAllocation (Metadata GC Threshold) done
Event: 9.632 Executing safepoint VM operation: Cleanup
Event: 10.069 Executing safepoint VM operation: Cleanup done
Event: 10.417 Executing safepoint VM operation: ParallelGCFailedAllocation (Allocation Failure)
Event: 10.423 Executing safepoint VM operation: ParallelGCFailedAllocation (Allocation Failure) done
Event: 10.579 Executing non-safepoint VM operation: HandshakeAllThreads (Deoptimize)
Event: 10.579 Executing non-safepoint VM operation: HandshakeAllThreads (Deoptimize) done
Event: 10.703 Executing non-safepoint VM operation: HandshakeAllThreads (Deoptimize)
Event: 10.703 Executing non-safepoint VM operation: HandshakeAllThreads (Deoptimize) done
Event: 11.708 Executing safepoint VM operation: Cleanup
Event: 11.863 Executing safepoint VM operation: Cleanup done
Event: 12.871 Executing safepoint VM operation: Cleanup
Event: 12.871 Executing safepoint VM operation: Cleanup done
Event: 13.882 Executing safepoint VM operation: Cleanup
Event: 14.914 Executing safepoint VM operation: Cleanup done
Event: 15.926 Executing safepoint VM operation: Cleanup
Event: 15.926 Executing safepoint VM operation: Cleanup done

Memory protections (0 events):
No events

Nmethod flushes (0 events):
No events

Events (20 events):
Event: 4.672 Thread 0x0000022611907e80 Thread exited: 0x0000022611907e80
Event: 5.025 Thread 0x00000226160a9e00 Thread added: 0x0000022611af2d80
Event: 5.064 Thread 0x00000226107e5fc0 Thread exited: 0x00000226107e5fc0
Event: 5.344 Thread 0x00000225b773b5a0 Thread added: 0x0000022611c0e820
Event: 5.344 Thread 0x00000225b773b5a0 Thread added: 0x0000022611b53fa0
Event: 5.671 Thread 0x0000022611b53fa0 Thread exited: 0x0000022611b53fa0
Event: 5.690 Thread 0x0000022611c0e820 Thread exited: 0x0000022611c0e820
Event: 5.876 Thread 0x00000226160a9e00 Thread added: 0x000002261627f6a0
Event: 6.404 Thread 0x00000225b773b5a0 Thread added: 0x00000226162c7020
Event: 6.880 Thread 0x00000226162c7020 Thread exited: 0x00000226162c7020
Event: 7.458 Thread 0x00000226160a9e00 Thread added: 0x0000022616483c40
Event: 7.603 Thread 0x00000226160a9e00 Thread added: 0x00000226119aac90
Event: 7.654 Thread 0x00000226160a9e00 Thread added: 0x00000226115d9f80
Event: 7.795 Thread 0x00000225b773b5a0 Thread added: 0x000002261170a960
Event: 7.980 Thread 0x00000225b773b5a0 Thread added: 0x0000022616902460
Event: 8.179 Thread 0x0000022616902460 Thread exited: 0x0000022616902460
Event: 10.365 Thread 0x00000226160a9e00 Thread added: 0x00000226115da610
Event: 10.484 Thread 0x00000226119aac90 Thread added: 0x00000226115daca0
Event: 10.651 Thread 0x00000226115da610 Thread exited: 0x00000226115da610
Event: 11.240 Thread 0x000002261170a960 Thread exited: 0x000002261170a960


Dynamic libraries:
0x00007ff71d890000 - 0x00007ff71d89e000 	c:\Users\DELL\.vscode\extensions\redhat.java-1.54.0-win32-x64\jre\21.0.10-win32-x86_64\bin\java.exe
0x00007ffcc89c0000 - 0x00007ffcc8c27000 	C:\WINDOWS\SYSTEM32\ntdll.dll
0x00007ffcc7010000 - 0x00007ffcc70d9000 	C:\WINDOWS\System32\KERNEL32.DLL
0x00007ffcc6160000 - 0x00007ffcc6557000 	C:\WINDOWS\System32\KERNELBASE.dll
0x00007ffcc2650000 - 0x00007ffcc26f0000 	C:\WINDOWS\SYSTEM32\apphelp.dll
0x00007ffcc5570000 - 0x00007ffcc56bb000 	C:\WINDOWS\System32\ucrtbase.dll
0x00007ffcacb50000 - 0x00007ffcacb68000 	c:\Users\DELL\.vscode\extensions\redhat.java-1.54.0-win32-x64\jre\21.0.10-win32-x86_64\bin\jli.dll
0x00007ffcc7c80000 - 0x00007ffcc7e46000 	C:\WINDOWS\System32\USER32.dll
0x00007ffcc53f0000 - 0x00007ffcc5417000 	C:\WINDOWS\System32\win32u.dll
0x00007ffcc69f0000 - 0x00007ffcc6a1b000 	C:\WINDOWS\System32\GDI32.dll
0x00007ffcc6560000 - 0x00007ffcc668c000 	C:\WINDOWS\System32\gdi32full.dll
0x00007ffcc56c0000 - 0x00007ffcc5763000 	C:\WINDOWS\System32\msvcp_win.dll
0x00007ffcacb30000 - 0x00007ffcacb4e000 	c:\Users\DELL\.vscode\extensions\redhat.java-1.54.0-win32-x64\jre\21.0.10-win32-x86_64\bin\VCRUNTIME140.dll
0x00007ffca7170000 - 0x00007ffca7402000 	C:\WINDOWS\WinSxS\amd64_microsoft.windows.common-controls_6595b64144ccf1df_6.0.26100.8457_none_3e0b2faee331e92d\COMCTL32.dll
0x00007ffcc6800000 - 0x00007ffcc68a9000 	C:\WINDOWS\System32\msvcrt.dll
0x00007ffcc8050000 - 0x00007ffcc8082000 	C:\WINDOWS\System32\IMM32.DLL
0x00007ffcacbc0000 - 0x00007ffcacbcc000 	c:\Users\DELL\.vscode\extensions\redhat.java-1.54.0-win32-x64\jre\21.0.10-win32-x86_64\bin\vcruntime140_1.dll
0x00007ffc7ec20000 - 0x00007ffc7ecad000 	c:\Users\DELL\.vscode\extensions\redhat.java-1.54.0-win32-x64\jre\21.0.10-win32-x86_64\bin\msvcp140.dll
0x00007ffc247c0000 - 0x00007ffc25561000 	c:\Users\DELL\.vscode\extensions\redhat.java-1.54.0-win32-x64\jre\21.0.10-win32-x86_64\bin\server\jvm.dll
0x00007ffcc68c0000 - 0x00007ffcc6976000 	C:\WINDOWS\System32\ADVAPI32.dll
0x00007ffcc8420000 - 0x00007ffcc84c7000 	C:\WINDOWS\System32\sechost.dll
0x00007ffcc7e50000 - 0x00007ffcc7f68000 	C:\WINDOWS\System32\RPCRT4.dll
0x00007ffcc84d0000 - 0x00007ffcc8550000 	C:\WINDOWS\System32\WS2_32.dll
0x00007ffcc5250000 - 0x00007ffcc52ae000 	C:\WINDOWS\SYSTEM32\POWRPROF.dll
0x00007ffcbdd30000 - 0x00007ffcbdd66000 	C:\WINDOWS\SYSTEM32\WINMM.dll
0x00007ffcb6ff0000 - 0x00007ffcb6ffb000 	C:\WINDOWS\SYSTEM32\VERSION.dll
0x00007ffcc5230000 - 0x00007ffcc5244000 	C:\WINDOWS\SYSTEM32\UMPDC.dll
0x00007ffcc4180000 - 0x00007ffcc419b000 	C:\WINDOWS\SYSTEM32\kernel.appcore.dll
0x00007ffcacb80000 - 0x00007ffcacb8a000 	c:\Users\DELL\.vscode\extensions\redhat.java-1.54.0-win32-x64\jre\21.0.10-win32-x86_64\bin\jimage.dll
0x00007ffcc3210000 - 0x00007ffcc3452000 	C:\WINDOWS\SYSTEM32\DBGHELP.DLL
0x00007ffcc8090000 - 0x00007ffcc8413000 	C:\WINDOWS\System32\combase.dll
0x00007ffcc7f70000 - 0x00007ffcc8049000 	C:\WINDOWS\System32\OLEAUT32.dll
0x00007ffca3a90000 - 0x00007ffca3acb000 	C:\WINDOWS\SYSTEM32\dbgcore.DLL
0x00007ffcc6690000 - 0x00007ffcc6738000 	C:\WINDOWS\System32\bcryptPrimitives.dll
0x00007ffcacb00000 - 0x00007ffcacb0f000 	c:\Users\DELL\.vscode\extensions\redhat.java-1.54.0-win32-x64\jre\21.0.10-win32-x86_64\bin\instrument.dll
0x00007ffcac4c0000 - 0x00007ffcac4e0000 	c:\Users\DELL\.vscode\extensions\redhat.java-1.54.0-win32-x64\jre\21.0.10-win32-x86_64\bin\java.dll
0x00007ffcc73e0000 - 0x00007ffcc7b4e000 	C:\WINDOWS\System32\SHELL32.dll
0x00007ffcc5770000 - 0x00007ffcc5fdc000 	C:\WINDOWS\System32\windows.storage.dll
0x00007ffcc6eb0000 - 0x00007ffcc6fa6000 	C:\WINDOWS\System32\SHCORE.dll
0x00007ffcc6980000 - 0x00007ffcc69e6000 	C:\WINDOWS\System32\shlwapi.dll
0x00007ffcc5310000 - 0x00007ffcc5339000 	C:\WINDOWS\SYSTEM32\profapi.dll
0x00007ffc9c960000 - 0x00007ffc9c978000 	c:\Users\DELL\.vscode\extensions\redhat.java-1.54.0-win32-x64\jre\21.0.10-win32-x86_64\bin\zip.dll
0x00007ffcac4b0000 - 0x00007ffcac4c0000 	C:\Users\DELL\.vscode\extensions\redhat.java-1.54.0-win32-x64\jre\21.0.10-win32-x86_64\bin\net.dll
0x00007ffcbdc00000 - 0x00007ffcbdd29000 	C:\WINDOWS\SYSTEM32\WINHTTP.dll
0x00007ffcc46f0000 - 0x00007ffcc475c000 	C:\WINDOWS\system32\mswsock.dll
0x00007ffc9d200000 - 0x00007ffc9d216000 	C:\Users\DELL\.vscode\extensions\redhat.java-1.54.0-win32-x64\jre\21.0.10-win32-x86_64\bin\nio.dll
0x00007ffcac4a0000 - 0x00007ffcac4b0000 	c:\Users\DELL\.vscode\extensions\redhat.java-1.54.0-win32-x64\jre\21.0.10-win32-x86_64\bin\verify.dll
0x00007ffc99fb0000 - 0x00007ffc99ff5000 	C:\Users\DELL\AppData\Roaming\Code\User\globalStorage\redhat.java\1.54.0\config_ss_win\org.eclipse.equinox.launcher\org.eclipse.equinox.launcher.win32.win32.x86_64_1.3.0.v20260203-2149\eclipse_11919.dll
0x00007ffcc85a0000 - 0x00007ffcc8737000 	C:\WINDOWS\System32\ole32.dll
0x00007ffcc49d0000 - 0x00007ffcc49eb000 	C:\WINDOWS\SYSTEM32\CRYPTSP.dll
0x00007ffcc40c0000 - 0x00007ffcc40f9000 	C:\WINDOWS\system32\rsaenh.dll
0x00007ffcc47a0000 - 0x00007ffcc47d3000 	C:\WINDOWS\SYSTEM32\USERENV.dll
0x00007ffcc52e0000 - 0x00007ffcc530a000 	C:\WINDOWS\SYSTEM32\bcrypt.dll
0x00007ffcc49f0000 - 0x00007ffcc49fc000 	C:\WINDOWS\SYSTEM32\CRYPTBASE.dll
0x00007ffcc3b40000 - 0x00007ffcc3b72000 	C:\WINDOWS\SYSTEM32\IPHLPAPI.DLL
0x00007ffcc7350000 - 0x00007ffcc735a000 	C:\WINDOWS\System32\NSI.dll
0x00007ffc8f7f0000 - 0x00007ffc8f839000 	C:\Users\DELL\AppData\Local\Temp\jna-2094529\jna17593808273527966081.dll
0x00007ffcc68b0000 - 0x00007ffcc68b8000 	C:\WINDOWS\System32\PSAPI.DLL

JVMTI agents:
c:\Users\DELL\.vscode\extensions\redhat.java-1.54.0-win32-x64\lombok\lombok-1.18.39-4050.jar path:c:\Users\DELL\.vscode\extensions\redhat.java-1.54.0-win32-x64\jre\21.0.10-win32-x86_64\bin\instrument.dll, loaded, initialized, instrumentlib options:none

dbghelp: loaded successfully - version: 4.0.5 - missing functions: none
symbol engine: initialized successfully - sym options: 0x614 - pdb path: .;c:\Users\DELL\.vscode\extensions\redhat.java-1.54.0-win32-x64\jre\21.0.10-win32-x86_64\bin;C:\WINDOWS\SYSTEM32;C:\WINDOWS\WinSxS\amd64_microsoft.windows.common-controls_6595b64144ccf1df_6.0.26100.8457_none_3e0b2faee331e92d;c:\Users\DELL\.vscode\extensions\redhat.java-1.54.0-win32-x64\jre\21.0.10-win32-x86_64\bin\server;C:\Users\DELL\AppData\Roaming\Code\User\globalStorage\redhat.java\1.54.0\config_ss_win\org.eclipse.equinox.launcher\org.eclipse.equinox.launcher.win32.win32.x86_64_1.3.0.v20260203-2149;C:\Users\DELL\AppData\Local\Temp\jna-2094529

VM Arguments:
jvm_args: --add-modules=ALL-SYSTEM --add-opens=java.base/java.util=ALL-UNNAMED --add-opens=java.base/java.lang=ALL-UNNAMED --add-opens=java.base/sun.nio.fs=ALL-UNNAMED -Declipse.application=org.eclipse.jdt.ls.core.id1 -Dosgi.bundles.defaultStartLevel=4 -Declipse.product=org.eclipse.jdt.ls.core.product -Djava.import.generatesMetadataFilesAtProjectRoot=false -DDetectVMInstallationsJob.disabled=true -Dfile.encoding=utf8 -XX:+UseParallelGC -XX:GCTimeRatio=4 -XX:AdaptiveSizePolicyWeight=90 -Dsun.zip.disableMemoryMapping=true -Xmx2G -Xms100m -Xlog:disable -javaagent:c:\Users\DELL\.vscode\extensions\redhat.java-1.54.0-win32-x64\lombok\lombok-1.18.39-4050.jar 
java_command: c:\Users\DELL\.vscode\extensions\redhat.java-1.54.0-win32-x64\server\plugins\org.eclipse.equinox.launcher_1.7.100.v20251111-0406.jar -configuration c:\Users\DELL\AppData\Roaming\Code\User\globalStorage\redhat.java\1.54.0\config_ss_win -data c:\Users\DELL\AppData\Roaming\Code\User\workspaceStorage\bd6f0a1d75c875ec6698c7be3d7456fe\redhat.java\ss_ws --pipe=\\.\pipe\lsp-a1d717b5b19e412d6242e57ea6e04b94-sock
java_class_path (initial): c:\Users\DELL\.vscode\extensions\redhat.java-1.54.0-win32-x64\server\plugins\org.eclipse.equinox.launcher_1.7.100.v20251111-0406.jar
Launcher Type: SUN_STANDARD

[Global flags]
    uintx AdaptiveSizePolicyWeight                 = 90                                        {product} {command line}
     intx CICompilerCount                          = 4                                         {product} {ergonomic}
    uintx GCTimeRatio                              = 4                                         {product} {command line}
   size_t InitialHeapSize                          = 104857600                                 {product} {command line}
   size_t MaxHeapSize                              = 2147483648                                {product} {command line}
   size_t MaxNewSize                               = 715653120                                 {product} {ergonomic}
   size_t MinHeapDeltaBytes                        = 524288                                    {product} {ergonomic}
   size_t MinHeapSize                              = 104857600                                 {product} {command line}
   size_t NewSize                                  = 34603008                                  {product} {ergonomic}
    uintx NonNMethodCodeHeapSize                   = 5839372                                {pd product} {ergonomic}
    uintx NonProfiledCodeHeapSize                  = 122909434                              {pd product} {ergonomic}
   size_t OldSize                                  = 70254592                                  {product} {ergonomic}
    uintx ProfiledCodeHeapSize                     = 122909434                              {pd product} {ergonomic}
    uintx ReservedCodeCacheSize                    = 251658240                              {pd product} {ergonomic}
     bool SegmentedCodeCache                       = true                                      {product} {ergonomic}
   size_t SoftMaxHeapSize                          = 2147483648                             {manageable} {ergonomic}
     bool UseCompressedOops                        = true                           {product lp64_product} {ergonomic}
     bool UseLargePagesIndividualAllocation        = false                                  {pd product} {ergonomic}
     bool UseParallelGC                            = true                                      {product} {command line}

Logging:
Log output configuration:
 #0: stdout all=off uptime,level,tags foldmultilines=false
 #1: stderr all=off uptime,level,tags foldmultilines=false

Release file:
JAVA_VERSION="21.0.10" 
MODULES="java.base java.compiler java.datatransfer java.xml java.prefs java.desktop java.instrument java.logging java.management java.security.sasl java.naming java.rmi java.management.rmi java.net.http java.scripting java.security.jgss java.transaction.xa java.sql java.sql.rowset java.xml.crypto java.se java.smartcardio jdk.accessibility jdk.internal.jvmstat jdk.attach jdk.charsets jdk.internal.opt jdk.zipfs jdk.compiler jdk.crypto.ec jdk.crypto.cryptoki jdk.crypto.mscapi jdk.dynalink jdk.internal.ed jdk.editpad jdk.hotspot.agent jdk.httpserver jdk.internal.le jdk.internal.vm.ci jdk.internal.vm.compiler jdk.internal.vm.compiler.management jdk.jartool jdk.javadoc jdk.jcmd jdk.management jdk.management.agent jdk.jconsole jdk.jdeps jdk.jdwp.agent jdk.jdi jdk.jfr jdk.jshell jdk.jsobject jdk.jstatd jdk.localedata jdk.management.jfr jdk.naming.dns jdk.naming.rmi jdk.net jdk.nio.mapmode jdk.random jdk.sctp jdk.security.auth jdk.security.jgss jdk.unsupported jdk.unsupported.desktop jdk.xml.dom" 

Environment Variables:
JAVA_HOME=C:\Users\DELL\.jdks\ms-21.0.10
PATH=C:\Python314\Scripts\;C:\Python314\;C:\Program Files (x86)\VMware\VMware Workstation\bin\;C:\Windows\system32;C:\Windows;C:\Windows\System32\Wbem;C:\Windows\System32\WindowsPowerShell\v1.0\;C:\Windows\System32\OpenSSH\;C:\Program Files\dotnet\;C:\Program Files (x86)\NVIDIA Corporation\PhysX\Common;C:\Program Files\NVIDIA Corporation\NVIDIA NvDLISR;C:\WINDOWS\system32;C:\WINDOWS;C:\WINDOWS\System32\Wbem;C:\WINDOWS\System32\WindowsPowerShell\v1.0\;C:\WINDOWS\System32\OpenSSH\;C:\Program Files\Microsoft SQL Server\170\Tools\Binn\;C:\WINDOWS\system32;C:\WINDOWS;C:\WINDOWS\System32\Wbem;C:\WINDOWS\System32\WindowsPowerShell\v1.0\;C:\WINDOWS\System32\OpenSSH\;C:\Program Files\Git\cmd;C:\Program Files\nodejs\;C:\ProgramData\chocolatey\bin;C:\Users\DELL\.grok\bin;C:\Users\DELL\.local\bin;C:\Users\DELL\AppData\Local\Programs\Python\Launcher\;C:\Users\DELL\AppData\Local\Microsoft\WindowsApps;D:\apache-maven-3.9.14-bin\apache-maven-3.9.14;C:\Users\DELL\.jdks\ms-21.0.10\bin;C:\Users\DELL\AppData\Local\Programs\Microsoft VS Code\bin;C:\Users\DELL\AppData\Roaming\npm
USERNAME=DELL
OS=Windows_NT
PROCESSOR_IDENTIFIER=Intel64 Family 6 Model 186 Stepping 3, GenuineIntel
TMP=C:\Users\DELL\AppData\Local\Temp
TEMP=C:\Users\DELL\AppData\Local\Temp




Periodic native trim disabled

---------------  S Y S T E M  ---------------

OS:
 Windows 11 , 64 bit Build 26100 (10.0.26100.8328)
OS uptime: 0 days 3:55 hours
Hyper-V role detected

CPU: total 12 (initial active 12) (6 cores per cpu, 2 threads per core) family 6 model 186 stepping 3 microcode 0x6134, cx8, cmov, fxsr, ht, mmx, 3dnowpref, sse, sse2, sse3, ssse3, sse4.1, sse4.2, popcnt, lzcnt, tsc, tscinvbit, avx, avx2, aes, erms, clmul, bmi1, bmi2, adx, sha, fma, vzeroupper, clflush, clflushopt, clwb, hv, serialize, rdtscp, rdpid, fsrm, f16c, cet_ibt, cet_ss
Processor Information for processor 0
  Max Mhz: 1700, Current Mhz: 1457, Mhz Limit: 1700
Processor Information for processor 1
  Max Mhz: 1700, Current Mhz: 1457, Mhz Limit: 1700
Processor Information for processor 2
  Max Mhz: 1700, Current Mhz: 1457, Mhz Limit: 1700
Processor Information for processor 3
  Max Mhz: 1700, Current Mhz: 1457, Mhz Limit: 1700
Processor Information for processor 4
  Max Mhz: 1700, Current Mhz: 1558, Mhz Limit: 1700
Processor Information for processor 5
  Max Mhz: 1700, Current Mhz: 1558, Mhz Limit: 1700
Processor Information for processor 6
  Max Mhz: 1700, Current Mhz: 1558, Mhz Limit: 1700
Processor Information for processor 7
  Max Mhz: 1700, Current Mhz: 1558, Mhz Limit: 1700
Processor Information for processor 8
  Max Mhz: 1700, Current Mhz: 1558, Mhz Limit: 1700
Processor Information for processor 9
  Max Mhz: 1700, Current Mhz: 1558, Mhz Limit: 1700
Processor Information for processor 10
  Max Mhz: 1700, Current Mhz: 1558, Mhz Limit: 1700
Processor Information for processor 11
  Max Mhz: 1700, Current Mhz: 1558, Mhz Limit: 1700

Memory: 4k page, system-wide physical 16068M (3497M free)
TotalPageFile size 16068M (AvailPageFile size 19M)
current process WorkingSet (physical memory assigned to process): 135M, peak: 155M
current process commit charge ("private bytes"): 272M, peak: 292M

vm_info: OpenJDK 64-Bit Server VM (21.0.10+7-LTS) for windows-amd64 JRE (21.0.10+7-LTS), built on 2026-01-20T00:00:00Z by "admin" with MS VC++ 17.12 (VS2022)

END.
